PRT1
410
949
4 0 3 (7552 7168 6272 ) (7168 7168 6272 ) (7168 7168 256 ) (7552 7168 256 ) 
4 0 1 (7168 7168 256 ) (7168 7168 6272 ) (7168 7680 6272 ) (7168 7680 256 ) 
4 1 5 (7168 7168 256 ) (7168 7168 6272 ) (6144 7168 6272 ) (6144 7168 256 ) 
4 1 2 (6144 7168 256 ) (6144 7168 6272 ) (6144 7680 6272 ) (6144 7680 256 ) 
4 2 9 (5120 7168 256 ) (5120 7168 6272 ) (5120 7680 6272 ) (5120 7680 256 ) 
4 2 6 (6144 7168 256 ) (6144 7168 6272 ) (5120 7168 6272 ) (5120 7168 256 ) 
4 3 5 (7168 7168 6272 ) (7168 7168 256 ) (7168 6144 256 ) (7168 6144 6272 ) 
4 3 4 (7552 6144 6272 ) (7168 6144 6272 ) (7168 6144 256 ) (7552 6144 256 ) 
4 4 24 (7552 5120 6272 ) (7168 5120 6272 ) (7168 5120 256 ) (7552 5120 256 ) 
4 4 7 (7168 5120 256 ) (7168 5120 6272 ) (7168 6144 6272 ) (7168 6144 256 ) 
4 5 7 (7168 6144 256 ) (7168 6144 6272 ) (6144 6144 6272 ) (6144 6144 256 ) 
4 5 6 (6144 7168 6272 ) (6144 7168 256 ) (6144 6144 256 ) (6144 6144 6272 ) 
4 6 11 (5120 6144 256 ) (5120 6144 6272 ) (5120 7168 6272 ) (5120 7168 256 ) 
4 6 8 (6144 6144 256 ) (6144 6144 6272 ) (5120 6144 6272 ) (5120 6144 256 ) 
4 7 26 (7168 5120 256 ) (7168 5120 6272 ) (6144 5120 6272 ) (6144 5120 256 ) 
4 7 8 (6144 6144 6272 ) (6144 6144 256 ) (6144 5120 256 ) (6144 5120 6272 ) 
4 8 27 (6144 5120 256 ) (6144 5120 6272 ) (5120 5120 6272 ) (5120 5120 256 ) 
4 8 13 (5120 5120 256 ) (5120 5120 6272 ) (5120 6144 6272 ) (5120 6144 256 ) 
4 9 11 (5120 7168 256 ) (5120 7168 6272 ) (4096 7168 6272 ) (4096 7168 256 ) 
4 9 10 (4096 7168 256 ) (4096 7168 6272 ) (4096 7680 6272 ) (4096 7680 256 ) 
4 10 15 (3072 7168 256 ) (3072 7168 6272 ) (3072 7680 6272 ) (3072 7680 256 ) 
4 10 12 (4096 7168 256 ) (4096 7168 6272 ) (3072 7168 6272 ) (3072 7168 256 ) 
4 11 13 (5120 6144 256 ) (5120 6144 6272 ) (4096 6144 6272 ) (4096 6144 256 ) 
4 11 12 (4096 6144 256 ) (4096 6144 6272 ) (4096 7168 6272 ) (4096 7168 256 ) 
4 12 18 (3072 6144 256 ) (3072 6144 6272 ) (3072 7168 6272 ) (3072 7168 256 ) 
4 12 14 (3072 6144 6272 ) (3072 6144 256 ) (4096 6144 256 ) (4096 6144 6272 ) 
4 13 39 (5120 5120 256 ) (5120 5120 6272 ) (4096 5120 6272 ) (4096 5120 256 ) 
4 13 14 (4096 6144 6272 ) (4096 6144 256 ) (4096 5120 256 ) (4096 5120 6272 ) 
4 14 40 (4096 5120 256 ) (4096 5120 6272 ) (3072 5120 6272 ) (3072 5120 256 ) 
4 14 19 (3072 5120 256 ) (3072 5120 6272 ) (3072 6144 6272 ) (3072 6144 256 ) 
4 15 18 (3072 7168 256 ) (3072 7168 6272 ) (2048 7168 6272 ) (2048 7168 256 ) 
4 15 16 (2048 7168 256 ) (2048 7168 6272 ) (2048 7680 6272 ) (2048 7680 256 ) 
4 16 20 (2048 7168 256 ) (2048 7168 6272 ) (1024 7168 6272 ) (1024 7168 256 ) 
4 16 17 (1024 7168 256 ) (1024 7168 6272 ) (1024 7680 6272 ) (1024 7680 256 ) 
4 17 93 (0 7168 256 ) (0 7168 6272 ) (0 7680 6272 ) (0 7680 256 ) 
4 17 21 (0 7168 6272 ) (0 7168 256 ) (1024 7168 256 ) (1024 7168 6272 ) 
4 18 20 (2048 7168 6272 ) (2048 7168 256 ) (2048 6144 256 ) (2048 6144 6272 ) 
4 18 19 (3072 6144 256 ) (3072 6144 6272 ) (2048 6144 6272 ) (2048 6144 256 ) 
4 19 43 (3072 5120 256 ) (3072 5120 6272 ) (2048 5120 6272 ) (2048 5120 256 ) 
4 19 22 (2048 5120 256 ) (2048 5120 6272 ) (2048 6144 6272 ) (2048 6144 256 ) 
4 20 22 (2048 6144 256 ) (2048 6144 6272 ) (1024 6144 6272 ) (1024 6144 256 ) 
4 20 21 (1024 7168 6272 ) (1024 7168 256 ) (1024 6144 256 ) (1024 6144 6272 ) 
4 21 97 (0 6144 256 ) (0 6144 6272 ) (0 7168 6272 ) (0 7168 256 ) 
4 21 23 (0 6144 6272 ) (0 6144 256 ) (1024 6144 256 ) (1024 6144 6272 ) 
4 22 45 (2048 5120 256 ) (2048 5120 6272 ) (1024 5120 6272 ) (1024 5120 256 ) 
4 22 23 (1024 6144 6272 ) (1024 6144 256 ) (1024 5120 256 ) (1024 5120 6272 ) 
4 23 99 (0 5120 256 ) (0 5120 6272 ) (0 6144 6272 ) (0 6144 256 ) 
4 23 46 (1024 5120 256 ) (1024 5120 6272 ) (0 5120 6272 ) (0 5120 256 ) 
4 24 26 (7168 5120 6272 ) (7168 5120 256 ) (7168 4096 256 ) (7168 4096 6272 ) 
4 24 25 (7552 4096 6272 ) (7168 4096 6272 ) (7168 4096 256 ) (7552 4096 256 ) 
4 25 30 (7552 3072 6272 ) (7168 3072 6272 ) (7168 3072 256 ) (7552 3072 256 ) 
4 25 28 (7168 3072 256 ) (7168 3072 6272 ) (7168 4096 6272 ) (7168 4096 256 ) 
4 26 28 (7168 4096 256 ) (7168 4096 6272 ) (6144 4096 6272 ) (6144 4096 256 ) 
4 26 27 (6144 5120 6272 ) (6144 5120 256 ) (6144 4096 256 ) (6144 4096 6272 ) 
4 27 39 (5120 5120 6272 ) (5120 5120 256 ) (5120 4096 256 ) (5120 4096 6272 ) 
4 27 29 (6144 4096 256 ) (6144 4096 6272 ) (5120 4096 6272 ) (5120 4096 256 ) 
4 28 33 (7168 3072 256 ) (7168 3072 6272 ) (6144 3072 6272 ) (6144 3072 256 ) 
4 28 29 (6144 4096 6272 ) (6144 4096 256 ) (6144 3072 256 ) (6144 3072 6272 ) 
4 29 41 (5120 3072 256 ) (5120 3072 6272 ) (5120 4096 6272 ) (5120 4096 256 ) 
4 29 34 (6144 3072 256 ) (6144 3072 6272 ) (5120 3072 6272 ) (5120 3072 256 ) 
4 30 33 (7168 3072 6272 ) (7168 3072 256 ) (7168 2048 256 ) (7168 2048 6272 ) 
4 30 31 (7552 2048 6272 ) (7168 2048 6272 ) (7168 2048 256 ) (7552 2048 256 ) 
4 31 35 (7168 1024 256 ) (7168 1024 6272 ) (7168 2048 6272 ) (7168 2048 256 ) 
4 31 32 (7168 1024 6272 ) (7168 1024 256 ) (7552 1024 256 ) (7552 1024 6272 ) 
4 32 215 (7552 0 6272 ) (7168 0 6272 ) (7168 0 256 ) (7552 0 256 ) 
4 32 37 (7168 0 256 ) (7168 0 6272 ) (7168 1024 6272 ) (7168 1024 256 ) 
4 33 35 (7168 2048 256 ) (7168 2048 6272 ) (6144 2048 6272 ) (6144 2048 256 ) 
4 33 34 (6144 3072 6272 ) (6144 3072 256 ) (6144 2048 256 ) (6144 2048 6272 ) 
4 34 49 (5120 2048 256 ) (5120 2048 6272 ) (5120 3072 6272 ) (5120 3072 256 ) 
4 34 36 (6144 2048 256 ) (6144 2048 6272 ) (5120 2048 6272 ) (5120 2048 256 ) 
4 35 37 (7168 1024 256 ) (7168 1024 6272 ) (6144 1024 6272 ) (6144 1024 256 ) 
4 35 36 (6144 1024 256 ) (6144 1024 6272 ) (6144 2048 6272 ) (6144 2048 256 ) 
4 36 51 (5120 1024 256 ) (5120 1024 6272 ) (5120 2048 6272 ) (5120 2048 256 ) 
4 36 38 (5120 1024 6272 ) (5120 1024 256 ) (6144 1024 256 ) (6144 1024 6272 ) 
4 37 217 (7168 0 256 ) (7168 0 6272 ) (6144 0 6272 ) (6144 0 256 ) 
4 37 38 (6144 1024 6272 ) (6144 1024 256 ) (6144 0 256 ) (6144 0 6272 ) 
4 38 218 (6144 0 256 ) (6144 0 6272 ) (5120 0 6272 ) (5120 0 256 ) 
4 38 53 (5120 0 256 ) (5120 0 6272 ) (5120 1024 6272 ) (5120 1024 256 ) 
4 39 41 (5120 4096 -1024 ) (5120 4096 6272 ) (4096 4096 6272 ) (4096 4096 -1024 ) 
4 39 40 (4096 5120 6272 ) (4096 5120 -1024 ) (4096 4096 -1024 ) (4096 4096 6272 ) 
4 40 43 (3072 5120 6272 ) (3072 5120 -1024 ) (3072 4096 -1024 ) (3072 4096 6272 ) 
4 40 42 (4096 4096 -1024 ) (4096 4096 6272 ) (3072 4096 6272 ) (3072 4096 -1024 ) 
4 41 49 (5120 3072 -1024 ) (5120 3072 6272 ) (4096 3072 6272 ) (4096 3072 -1024 ) 
4 41 42 (4096 4096 6272 ) (4096 4096 -1024 ) (4096 3072 -1024 ) (4096 3072 6272 ) 
4 42 50 (4096 3072 -1024 ) (4096 3072 6272 ) (3072 3072 6272 ) (3072 3072 -1024 ) 
4 42 44 (3072 3072 -1024 ) (3072 3072 6272 ) (3072 4096 6272 ) (3072 4096 -1024 ) 
4 43 45 (2048 4096 -1024 ) (2048 4096 6272 ) (2048 5120 6272 ) (2048 5120 -1024 ) 
4 43 44 (3072 4096 -1024 ) (3072 4096 6272 ) (2048 4096 6272 ) (2048 4096 -1024 ) 
4 44 55 (3072 3072 -1024 ) (3072 3072 6272 ) (2048 3072 6272 ) (2048 3072 -1024 ) 
4 44 47 (2048 3072 -1024 ) (2048 3072 6272 ) (2048 4096 6272 ) (2048 4096 -1024 ) 
4 45 47 (2048 4096 -1024 ) (2048 4096 6272 ) (1024 4096 6272 ) (1024 4096 -1024 ) 
4 45 46 (1024 4096 -1024 ) (1024 4096 6272 ) (1024 5120 6272 ) (1024 5120 -1024 ) 
4 46 117 (0 4096 -1024 ) (0 4096 6272 ) (0 5120 6272 ) (0 5120 -1024 ) 
4 46 48 (0 4096 6272 ) (0 4096 -1024 ) (1024 4096 -1024 ) (1024 4096 6272 ) 
4 47 56 (2048 3072 -1024 ) (2048 3072 6272 ) (1024 3072 6272 ) (1024 3072 -1024 ) 
4 47 48 (1024 4096 6272 ) (1024 4096 -1024 ) (1024 3072 -1024 ) (1024 3072 6272 ) 
4 48 122 (0 3072 -1024 ) (0 3072 6272 ) (0 4096 6272 ) (0 4096 -1024 ) 
4 48 57 (1024 3072 -1024 ) (1024 3072 6272 ) (0 3072 6272 ) (0 3072 -1024 ) 
4 49 51 (5120 2048 -1024 ) (5120 2048 6272 ) (4096 2048 6272 ) (4096 2048 -1024 ) 
4 49 50 (4096 3072 6272 ) (4096 3072 -1024 ) (4096 2048 -1024 ) (4096 2048 6272 ) 
4 50 55 (3072 3072 6272 ) (3072 3072 -1024 ) (3072 2048 -1024 ) (3072 2048 6272 ) 
4 50 52 (4096 2048 -1024 ) (4096 2048 6272 ) (3072 2048 6272 ) (3072 2048 -1024 ) 
4 51 53 (5120 1024 -1024 ) (5120 1024 6272 ) (4096 1024 6272 ) (4096 1024 -1024 ) 
4 51 52 (4096 1024 -1024 ) (4096 1024 6272 ) (4096 2048 6272 ) (4096 2048 -1024 ) 
4 52 58 (3072 1024 -1024 ) (3072 1024 6272 ) (3072 2048 6272 ) (3072 2048 -1024 ) 
4 52 54 (3072 1024 6272 ) (3072 1024 -1024 ) (4096 1024 -1024 ) (4096 1024 6272 ) 
4 53 227 (5120 0 -1024 ) (5120 0 6272 ) (4096 0 6272 ) (4096 0 -1024 ) 
4 53 54 (4096 1024 6272 ) (4096 1024 -1024 ) (4096 0 -1024 ) (4096 0 6272 ) 
4 54 228 (4096 0 -1024 ) (4096 0 6272 ) (3072 0 6272 ) (3072 0 -1024 ) 
4 54 59 (3072 0 -1024 ) (3072 0 6272 ) (3072 1024 6272 ) (3072 1024 -1024 ) 
4 55 58 (3072 2048 -1024 ) (3072 2048 6272 ) (2048 2048 6272 ) (2048 2048 -1024 ) 
4 55 56 (2048 3072 6272 ) (2048 3072 -1024 ) (2048 2048 -1024 ) (2048 2048 6272 ) 
4 56 60 (2048 2048 -1024 ) (2048 2048 6272 ) (1024 2048 6272 ) (1024 2048 -1024 ) 
4 56 57 (1024 2048 -1024 ) (1024 2048 6272 ) (1024 3072 6272 ) (1024 3072 -1024 ) 
4 57 135 (0 2048 -1024 ) (0 2048 6272 ) (0 3072 6272 ) (0 3072 -1024 ) 
4 57 61 (1024 2048 -1024 ) (1024 2048 6272 ) (0 2048 6272 ) (0 2048 -1024 ) 
4 58 60 (2048 2048 6272 ) (2048 2048 -1024 ) (2048 1024 -1024 ) (2048 1024 6272 ) 
4 58 59 (3072 1024 -1024 ) (3072 1024 6272 ) (2048 1024 6272 ) (2048 1024 -1024 ) 
4 59 235 (3072 0 -1024 ) (3072 0 6272 ) (2048 0 6272 ) (2048 0 -1024 ) 
4 59 62 (2048 0 -1024 ) (2048 0 6272 ) (2048 1024 6272 ) (2048 1024 -1024 ) 
4 60 62 (2048 1024 -1024 ) (2048 1024 6272 ) (1024 1024 6272 ) (1024 1024 -1024 ) 
4 60 61 (1024 2048 6272 ) (1024 2048 -1024 ) (1024 1024 -1024 ) (1024 1024 6272 ) 
4 61 140 (0 1024 -1024 ) (0 1024 6272 ) (0 2048 6272 ) (0 2048 -1024 ) 
4 61 68 (1024 1024 -1024 ) (1024 1024 -184 ) (0 1024 -184 ) (0 1024 -1024 ) 
4 61 67 (408 1024 -152 ) (0 1024 -152 ) (0 1024 -184 ) (408 1024 -184 ) 
4 61 66 (1024 1024 -184 ) (1024 1024 -152 ) (408 1024 -152 ) (408 1024 -184 ) 
4 61 64 (408 1024 6272 ) (0 1024 6272 ) (0 1024 -152 ) (408 1024 -152 ) 
4 61 63 (1024 1024 -152 ) (1024 1024 6272 ) (408 1024 6272 ) (408 1024 -152 ) 
4 62 237 (2048 0 -1024 ) (2048 0 6272 ) (1024 0 6272 ) (1024 0 -1024 ) 
4 62 90 (1024 0 -80.212341 ) (1024 0 184 ) (1024 320 184 ) (1024 320 -80.212395 ) 
4 62 87 (1024 320 184 ) (1024 352 184 ) (1024 352 -80.212402 ) (1024 320 -80.212395 ) 
4 62 80 (1024 0 184 ) (1024 0 216 ) (1024 352 216 ) (1024 352 184 ) 
4 62 79 (1024 0 216 ) (1024 0 6272 ) (1024 352 6272 ) (1024 352 216 ) 
4 62 78 (1024 352 -1024 ) (1024 0 -1024 ) (1024 0 -184 ) (1024 352 -184 ) 
4 62 77 (1024 0 -184 ) (1024 0 -152 ) (1024 352 -152 ) (1024 352 -184 ) 
4 62 72 (1024 0 -152 ) (1024 0 -80.212341 ) (1024 352 -80.212402 ) (1024 352 -152 ) 
4 62 68 (1024 1024 -184 ) (1024 1024 -1024 ) (1024 352 -1024 ) (1024 352 -184 ) 
4 62 66 (1024 1024 -152 ) (1024 1024 -184 ) (1024 352 -184 ) (1024 352 -152 ) 
4 62 63 (1024 1024 6272 ) (1024 1024 -152 ) (1024 352 -152 ) (1024 352 6272 ) 
3 63 88 (592 352 184 ) (489.777771 352 184 ) (592 352 0 ) 
4 63 87 (1024 352 -80.212387 ) (1024 352 184 ) (592 352 184 ) (592 352 -2.053204 ) 
4 63 80 (1024 352 184 ) (1024 352 216 ) (472 352 216 ) (489.777740 352 184 ) 
4 63 79 (1024 352 216 ) (1024 352 6272 ) (408 352 6272 ) (408 352 216 ) 
5 63 72 (1024 352 -152 ) (1024 352 -80.212387 ) (757.521362 352 -32 ) (408 352 -32 ) (408 352 -152 ) 
3 63 70 (757.521362 352 -32 ) (592 352 -2.053207 ) (592 352 -32 ) 
4 63 66 (1024 352 -152 ) (408 352 -152 ) (408 1024 -152 ) (1024 1024 -152 ) 
4 63 65 (408 352 -32 ) (408 352 6272 ) (408 384 6272 ) (408 384 -32 ) 
4 63 64 (408 1024 -152 ) (408 384 -152 ) (408 384 6272 ) (408 1024 6272 ) 
4 64 157 (0 1024 184 ) (0 1024 105.053711 ) (0 384 105.054077 ) (0 384 184 ) 
4 64 155 (0 384 6272 ) (0 1024 6272 ) (0 1024 184 ) (0 384 184 ) 
4 64 148 (0 1024 -32 ) (0 1024 -152 ) (0 384 -152 ) (0 384 -32 ) 
4 64 147 (0 1024 0 ) (0 1024 -32 ) (0 384 -32 ) (0 384 0 ) 
4 64 145 (0 1024 105.053711 ) (0 1024 0 ) (0 384 0 ) (0 384 105.054077 ) 
4 64 67 (0 384 -152 ) (0 1024 -152 ) (408 1024 -152 ) (408 384 -152 ) 
4 64 65 (408 384 -32 ) (408 384 6272 ) (0 384 6272 ) (0 384 -32 ) 
4 65 157 (0 352 105.054077 ) (0 352 184 ) (0 384 184 ) (0 384 105.054199 ) 
4 65 155 (0 352 184 ) (0 352 6272 ) (0 384 6272 ) (0 384 184 ) 
4 65 147 (0 352 -32 ) (0 352 0 ) (0 384 0 ) (0 384 -32 ) 
4 65 145 (0 352 0 ) (0 352 105.054077 ) (0 384 105.054199 ) (0 384 0 ) 
4 65 89 (327.280457 352 45.841118 ) (357.460754 352 40.380764 ) (405.338013 352 184 ) (373.334015 352 184 ) 
4 65 86 (266.921082 352 56.761616 ) (297.100250 352 51.301460 ) (341.332001 352 184 ) (309.335999 352 184 ) 
4 65 85 (206.560928 352 67.682251 ) (236.740829 352 62.221962 ) (277.334015 352 184 ) (245.334000 352 184 ) 
4 65 84 (146.200516 352 78.602928 ) (176.381042 352 73.142532 ) (213.333984 352 184 ) (181.332001 352 184 ) 
4 65 83 (85.842171 352 89.523239 ) (116.022003 352 84.062965 ) (149.335999 352 184 ) (117.335999 352 184 ) 
4 65 82 (25.480780 352 100.444099 ) (55.916233 352 94.937576 ) (85.335899 352 184 ) (53.332005 352 184 ) 
3 65 81 (0 352 184 ) (0 352 119.992455 ) (21.337898 352 184 ) 
4 65 79 (408 352 6272 ) (0 352 6272 ) (0 352 216 ) (408 352 216 ) 
4 66 77 (1024 352 -184 ) (1024 352 -152 ) (408 352 -152 ) (408 352 -184 ) 
4 66 68 (1024 352 -184 ) (408 352 -184 ) (408 1024 -184 ) (1024 1024 -184 ) 
4 66 67 (408 1024 -184 ) (408 384 -184 ) (408 384 -152 ) (408 1024 -152 ) 
4 67 152 (0 384 -152 ) (0 1024 -152 ) (0 1024 -184 ) (0 384 -184 ) 
4 67 68 (0 384 -184 ) (0 1024 -184 ) (408 1024 -184 ) (408 384 -184 ) 
4 68 154 (0 352 -1024 ) (0 352 -184 ) (0 1024 -184 ) (0 1024 -1024 ) 
4 68 78 (1024 352 -1024 ) (1024 352 -184 ) (0 352 -184 ) (0 352 -1024 ) 
4 69 246 (264 0 57.290165 ) (0 0 105.054199 ) (0 0 0 ) (264 0 0 ) 
4 69 243 (276 0 55.119072 ) (264 0 57.290165 ) (264 0 0 ) (276 0 0 ) 
4 69 241 (376 0 37.026638 ) (276 0 55.119072 ) (276 0 0 ) (376 0 0 ) 
3 69 239 (387.640137 0 34.920654 ) (376 0 37.026638 ) (376 0 0 ) 
4 69 146 (0 0 0 ) (0 0 105.054199 ) (0 320 105.054199 ) (0 320 0 ) 
4 69 92 (0 320 105.054688 ) (0 0 105.054688 ) (387.640289 0 34.921158 ) (387.640289 320 34.921158 ) 
4 69 71 (376 168 0 ) (376 0 0 ) (264 0 0 ) (264 168 0 ) 
3 70 238 (757.522095 0 -32 ) (592 0 -2.053022 ) (592 0 -32 ) 
4 70 90 (592 320 -2.052469 ) (592 0 -2.052470 ) (757.525208 0 -32 ) (757.525269 320 -32 ) 
4 70 87 (757.525269 352 -32 ) (592 352 -2.052469 ) (592 320 -2.052469 ) (757.525269 320 -32 ) 
4 70 72 (592 352 -32 ) (757.525391 352 -32 ) (757.525391 0 -32 ) (592 0 -32 ) 
4 71 243 (276 0 0 ) (264 0 0 ) (264 0 -32 ) (276 0 -32 ) 
4 71 241 (376 0 0 ) (276 0 0 ) (276 0 -32 ) (376 0 -32 ) 
4 71 75 (276 0 -32 ) (264 0 -32 ) (264 168 -32 ) (276 168 -32 ) 
4 71 73 (376 168 -32 ) (376 0 -32 ) (276 0 -32 ) (276 168 -32 ) 
5 72 240 (1024 0 -152 ) (1024 0 -80.212341 ) (757.522095 0 -32 ) (408 0 -32 ) (408 0 -152 ) 
4 72 90 (757.525269 320 -32 ) (757.525208 0 -32 ) (1024 0 -80.211761 ) (1024 320 -80.211731 ) 
4 72 87 (1024 352 -80.211731 ) (757.525269 352 -32 ) (757.525269 320 -32 ) (1024 320 -80.211731 ) 
4 72 77 (408 352 -152 ) (1024 352 -152 ) (1024 0 -152 ) (408 0 -152 ) 
4 73 241 (376 0 -32 ) (276 0 -32 ) (276 0 -48 ) (376 0 -48 ) 
5 73 75 (276 352 -152 ) (276 156 -152 ) (276 0 -48 ) (276 0 -32 ) (276 352 -32 ) 
4 74 242 (276 0 -80 ) (276 0 -152 ) (376 0 -152 ) (376 0 -80 ) 
4 75 243 (276 0 -32 ) (264 0 -32 ) (264 0 -48 ) (276 0 -48 ) 
5 75 76 (264 352 -152 ) (264 156 -152 ) (264 0 -48 ) (264 0 -32 ) (264 352 -32 ) 
4 76 247 (264 0 -32 ) (0 0 -32 ) (0 0 -152 ) (264 0 -152 ) 
4 76 150 (0 0 -152 ) (0 0 -32 ) (0 352 -32 ) (0 352 -152 ) 
4 77 248 (1024 0 -184 ) (1024 0 -152 ) (408 0 -152 ) (408 0 -184 ) 
4 77 78 (408 352 -184 ) (1024 352 -184 ) (1024 0 -184 ) (408 0 -184 ) 
4 78 249 (408 0 -184 ) (0 0 -184 ) (0 0 -1024 ) (408 0 -1024 ) 
4 78 248 (1024 0 -1024 ) (1024 0 -184 ) (408 0 -184 ) (408 0 -1024 ) 
4 78 154 (0 0 -1024 ) (0 0 -184 ) (0 352 -184 ) (0 352 -1024 ) 
4 79 250 (1024 0 216 ) (1024 0 6272 ) (0 0 6272 ) (0 0 216 ) 
4 79 156 (0 0 216 ) (0 0 6272 ) (0 352 6272 ) (0 352 216 ) 
4 79 80 (1024 0 216 ) (472 0 216 ) (472 352 216 ) (1024 352 216 ) 
4 80 251 (1024 0 184 ) (1024 0 216 ) (472 0 216 ) (489.777740 0 184 ) 
4 80 91 (592 0 184 ) (489.777710 0 184 ) (489.777740 320 184 ) (592 320 184 ) 
4 80 90 (1024 320 184 ) (1024 0 184 ) (592 0 184 ) (592 320 184 ) 
4 80 88 (489.777740 352 184 ) (592 352 184 ) (592 320 184 ) (489.777740 320 184 ) 
4 80 87 (592 352 184 ) (1024 352 184 ) (1024 320 184 ) (592 320 184 ) 
4 81 161 (0 320 184 ) (0 352 184 ) (0 352 119.992455 ) (0 320 119.992462 ) 
3 81 92 (21.337898 320 184 ) (0 320 184 ) (0 320 119.992470 ) 
4 82 92 (85.335899 320 184 ) (53.332005 320 184 ) (25.480972 320 100.444687 ) (55.916424 320 94.938171 ) 
4 83 92 (149.335999 320 184 ) (117.335999 320 184 ) (85.842369 320 89.523842 ) (116.022194 320 84.063576 ) 
4 84 92 (213.333984 320 184 ) (181.332001 320 184 ) (146.200729 320 78.603546 ) (176.381241 320 73.143158 ) 
4 85 92 (277.334015 320 184 ) (245.334000 320 184 ) (206.561157 320 67.682877 ) (236.741028 320 62.222607 ) 
4 86 92 (341.332031 320 184 ) (309.335999 320 184 ) (266.921295 320 56.762264 ) (297.100464 320 51.302116 ) 
4 87 90 (1024 320 184 ) (592 320 184 ) (592 320 -2.052376 ) (1024 320 -80.211670 ) 
4 87 88 (592 320 0 ) (592 320 184 ) (592 352 184 ) (592 352 0 ) 
3 88 91 (592 320 184 ) (489.777771 320 184 ) (592 320 0 ) 
4 89 92 (405.338013 320 184 ) (373.334015 320 184 ) (327.280670 320 45.841782 ) (357.460968 320 40.381432 ) 
4 90 252 (1024 0 -80.212341 ) (1024 0 184 ) (592 0 184 ) (592 0 -2.053017 ) 
4 90 91 (592 320 184 ) (592 320 0 ) (592 0 0 ) (592 0 184 ) 
3 91 253 (592 0 184 ) (489.777802 0 184 ) (592 0 0 ) 
4 92 254 (437.332001 0 184 ) (0 0 184 ) (0 0 105.054199 ) (387.640106 0 34.920662 ) 
4 92 165 (0 0 105.054199 ) (0 0 184 ) (0 320 184 ) (0 320 105.054199 ) 
4 93 97 (0 7168 256 ) (0 7168 6272 ) (-1024 7168 6272 ) (-1024 7168 256 ) 
4 93 94 (-1024 7168 256 ) (-1024 7168 6272 ) (-1024 7680 6272 ) (-1024 7680 256 ) 
4 94 98 (-1024 7168 256 ) (-1024 7168 6272 ) (-2048 7168 6272 ) (-2048 7168 256 ) 
4 94 95 (-2048 7168 256 ) (-2048 7168 6272 ) (-2048 7680 6272 ) (-2048 7680 256 ) 
4 95 101 (-2048 7168 256 ) (-2048 7168 6272 ) (-3072 7168 6272 ) (-3072 7168 256 ) 
4 95 96 (-3072 7168 256 ) (-3072 7168 6272 ) (-3072 7680 6272 ) (-3072 7680 256 ) 
4 96 105 (-4096 7168 256 ) (-4096 7168 6272 ) (-4096 7680 6272 ) (-4096 7680 256 ) 
4 96 102 (-3072 7168 256 ) (-3072 7168 6272 ) (-4096 7168 6272 ) (-4096 7168 256 ) 
4 97 99 (0 6144 256 ) (0 6144 6272 ) (-1024 6144 6272 ) (-1024 6144 256 ) 
4 97 98 (-1024 7168 6272 ) (-1024 7168 256 ) (-1024 6144 256 ) (-1024 6144 6272 ) 
4 98 101 (-2048 7168 6272 ) (-2048 7168 256 ) (-2048 6144 256 ) (-2048 6144 6272 ) 
4 98 100 (-1024 6144 256 ) (-1024 6144 6272 ) (-2048 6144 6272 ) (-2048 6144 256 ) 
4 99 118 (-456 5120 6272 ) (-1024 5120 6272 ) (-1024 5120 256 ) (-456 5120 256 ) 
4 99 117 (0 5120 256 ) (0 5120 6272 ) (-456 5120 6272 ) (-456 5120 256 ) 
4 99 100 (-1024 6144 6272 ) (-1024 6144 256 ) (-1024 5120 256 ) (-1024 5120 6272 ) 
4 100 120 (-1024 5120 256 ) (-1024 5120 6272 ) (-2048 5120 6272 ) (-2048 5120 256 ) 
4 100 103 (-2048 5120 256 ) (-2048 5120 6272 ) (-2048 6144 6272 ) (-2048 6144 256 ) 
4 101 103 (-2048 6144 256 ) (-2048 6144 6272 ) (-3072 6144 6272 ) (-3072 6144 256 ) 
4 101 102 (-3072 7168 6272 ) (-3072 7168 256 ) (-3072 6144 256 ) (-3072 6144 6272 ) 
4 102 107 (-4096 6144 256 ) (-4096 6144 6272 ) (-4096 7168 6272 ) (-4096 7168 256 ) 
4 102 104 (-3072 6144 256 ) (-3072 6144 6272 ) (-4096 6144 6272 ) (-4096 6144 256 ) 
4 103 127 (-2048 5120 256 ) (-2048 5120 6272 ) (-3072 5120 6272 ) (-3072 5120 256 ) 
4 103 104 (-3072 6144 6272 ) (-3072 6144 256 ) (-3072 5120 256 ) (-3072 5120 6272 ) 
4 104 129 (-3072 5120 256 ) (-3072 5120 6272 ) (-4096 5120 6272 ) (-4096 5120 256 ) 
4 104 109 (-4096 5120 256 ) (-4096 5120 6272 ) (-4096 6144 6272 ) (-4096 6144 256 ) 
4 105 107 (-4096 7168 256 ) (-4096 7168 6272 ) (-5120 7168 6272 ) (-5120 7168 256 ) 
4 105 106 (-5120 7168 256 ) (-5120 7168 6272 ) (-5120 7680 6272 ) (-5120 7680 256 ) 
4 106 111 (-6144 7168 256 ) (-6144 7168 6272 ) (-6144 7680 6272 ) (-6144 7680 256 ) 
4 106 108 (-5120 7168 256 ) (-5120 7168 6272 ) (-6144 7168 6272 ) (-6144 7168 256 ) 
4 107 109 (-4096 6144 256 ) (-4096 6144 6272 ) (-5120 6144 6272 ) (-5120 6144 256 ) 
4 107 108 (-5120 6144 256 ) (-5120 6144 6272 ) (-5120 7168 6272 ) (-5120 7168 256 ) 
4 108 113 (-6144 6144 256 ) (-6144 6144 6272 ) (-6144 7168 6272 ) (-6144 7168 256 ) 
4 108 110 (-6144 6144 6272 ) (-6144 6144 256 ) (-5120 6144 256 ) (-5120 6144 6272 ) 
4 109 190 (-4096 5120 256 ) (-4096 5120 6272 ) (-5120 5120 6272 ) (-5120 5120 256 ) 
4 109 110 (-5120 6144 6272 ) (-5120 6144 256 ) (-5120 5120 256 ) (-5120 5120 6272 ) 
4 110 192 (-5120 5120 256 ) (-5120 5120 6272 ) (-6144 5120 6272 ) (-6144 5120 256 ) 
4 110 114 (-6144 5120 256 ) (-6144 5120 6272 ) (-6144 6144 6272 ) (-6144 6144 256 ) 
4 111 113 (-6144 7168 256 ) (-6144 7168 6272 ) (-7168 7168 6272 ) (-7168 7168 256 ) 
4 111 112 (-7168 7168 256 ) (-7168 7168 6272 ) (-7168 7680 6272 ) (-7168 7680 256 ) 
4 112 115 (-7168 7168 256 ) (-7168 7168 6272 ) (-7680 7168 6272 ) (-7680 7168 256 ) 
4 113 115 (-7168 7168 6272 ) (-7168 7168 256 ) (-7168 6144 256 ) (-7168 6144 6272 ) 
4 113 114 (-6144 6144 256 ) (-6144 6144 6272 ) (-7168 6144 6272 ) (-7168 6144 256 ) 
4 114 196 (-6144 5120 256 ) (-6144 5120 6272 ) (-7168 5120 6272 ) (-7168 5120 256 ) 
4 114 116 (-7168 5120 256 ) (-7168 5120 6272 ) (-7168 6144 6272 ) (-7168 6144 256 ) 
4 115 116 (-7168 6144 256 ) (-7168 6144 6272 ) (-7680 6144 6272 ) (-7680 6144 256 ) 
4 116 198 (-7168 5120 256 ) (-7168 5120 6272 ) (-7680 5120 6272 ) (-7680 5120 256 ) 
4 117 122 (0 4096 -1024 ) (0 4096 6272 ) (-456 4096 6272 ) (-456 4096 -1024 ) 
4 117 119 (-456 4096 -1024 ) (-456 4096 -88 ) (-456 5120 -88 ) (-456 5120 -1024 ) 
4 117 118 (-456 4096 -88 ) (-456 4096 6272 ) (-456 5120 6272 ) (-456 5120 -88 ) 
4 118 123 (-456 4096 -88 ) (-456 4096 6272 ) (-1024 4096 6272 ) (-1024 4096 -88 ) 
4 118 120 (-1024 5120 6272 ) (-1024 5120 -88 ) (-1024 4096 -88 ) (-1024 4096 6272 ) 
4 118 119 (-1024 4096 -88 ) (-1024 5120 -88 ) (-456 5120 -88 ) (-456 4096 -88 ) 
4 119 124 (-456 4096 -1024 ) (-456 4096 -88 ) (-1024 4096 -88 ) (-1024 4096 -1024 ) 
4 119 121 (-1024 5120 -88 ) (-1024 5120 -1024 ) (-1024 4096 -1024 ) (-1024 4096 -88 ) 
4 120 127 (-2048 5120 6272 ) (-2048 5120 -88 ) (-2048 4096 -88 ) (-2048 4096 6272 ) 
4 120 125 (-1024 4096 -88 ) (-1024 4096 6272 ) (-2048 4096 6272 ) (-2048 4096 -88 ) 
4 120 121 (-2048 5120 -88 ) (-1024 5120 -88 ) (-1024 4096 -88 ) (-2048 4096 -88 ) 
4 121 128 (-2048 5120 -88 ) (-2048 5120 -1024 ) (-2048 4096 -1024 ) (-2048 4096 -88 ) 
4 121 126 (-1024 4096 -1024 ) (-1024 4096 -88 ) (-2048 4096 -88 ) (-2048 4096 -1024 ) 
4 122 135 (0 3072 -1024 ) (0 3072 6272 ) (-456 3072 6272 ) (-456 3072 -1024 ) 
4 122 124 (-456 3072 -1024 ) (-456 3072 -88 ) (-456 4096 -88 ) (-456 4096 -1024 ) 
4 122 123 (-456 3072 -88 ) (-456 3072 6272 ) (-456 4096 6272 ) (-456 4096 -88 ) 
4 123 136 (-456 3072 -88 ) (-456 3072 6272 ) (-1024 3072 6272 ) (-1024 3072 -88 ) 
4 123 125 (-1024 4096 6272 ) (-1024 4096 -88 ) (-1024 3072 -88 ) (-1024 3072 6272 ) 
4 123 124 (-1024 3072 -88 ) (-1024 4096 -88 ) (-456 4096 -88 ) (-456 3072 -88 ) 
4 124 137 (-456 3072 -1024 ) (-456 3072 -88 ) (-1024 3072 -88 ) (-1024 3072 -1024 ) 
4 124 126 (-1024 4096 -88 ) (-1024 4096 -1024 ) (-1024 3072 -1024 ) (-1024 3072 -88 ) 
4 125 138 (-1024 3072 -88 ) (-1024 3072 6272 ) (-2048 3072 6272 ) (-2048 3072 -88 ) 
4 125 131 (-2048 3072 -88 ) (-2048 3072 6272 ) (-2048 4096 6272 ) (-2048 4096 -88 ) 
4 125 126 (-1024 4096 -88 ) (-1024 3072 -88 ) (-2048 3072 -88 ) (-2048 4096 -88 ) 
4 126 139 (-1024 3072 -1024 ) (-1024 3072 -88 ) (-2048 3072 -88 ) (-2048 3072 -1024 ) 
4 126 132 (-2048 3072 -1024 ) (-2048 3072 -88 ) (-2048 4096 -88 ) (-2048 4096 -1024 ) 
4 127 131 (-2048 4096 -88 ) (-2048 4096 6272 ) (-3072 4096 6272 ) (-3072 4096 -88 ) 
4 127 129 (-3072 5120 6272 ) (-3072 5120 -88 ) (-3072 4096 -88 ) (-3072 4096 6272 ) 
4 127 128 (-2048 4096 -88 ) (-3072 4096 -88 ) (-3072 5120 -88 ) (-2048 5120 -88 ) 
4 128 132 (-2048 4096 -1024 ) (-2048 4096 -88 ) (-3072 4096 -88 ) (-3072 4096 -1024 ) 
4 128 130 (-3072 5120 -88 ) (-3072 5120 -1024 ) (-3072 4096 -1024 ) (-3072 4096 -88 ) 
4 129 190 (-4096 5120 6272 ) (-4096 5120 -88 ) (-4096 4096 -88 ) (-4096 4096 6272 ) 
4 129 133 (-3072 4096 -88 ) (-3072 4096 6272 ) (-4096 4096 6272 ) (-4096 4096 -88 ) 
4 129 130 (-4096 5120 -88 ) (-3072 5120 -88 ) (-3072 4096 -88 ) (-4096 4096 -88 ) 
4 130 191 (-4096 5120 -88 ) (-4096 5120 -1024 ) (-4096 4096 -1024 ) (-4096 4096 -88 ) 
4 130 134 (-3072 4096 -1024 ) (-3072 4096 -88 ) (-4096 4096 -88 ) (-4096 4096 -1024 ) 
4 131 178 (-2048 3072 -88 ) (-2048 3072 6272 ) (-3072 3072 6272 ) (-3072 3072 -88 ) 
4 131 133 (-3072 4096 6272 ) (-3072 4096 -88 ) (-3072 3072 -88 ) (-3072 3072 6272 ) 
4 131 132 (-3072 4096 -88 ) (-2048 4096 -88 ) (-2048 3072 -88 ) (-3072 3072 -88 ) 
4 132 179 (-2048 3072 -1024 ) (-2048 3072 -88 ) (-3072 3072 -88 ) (-3072 3072 -1024 ) 
4 132 134 (-3072 4096 -88 ) (-3072 4096 -1024 ) (-3072 3072 -1024 ) (-3072 3072 -88 ) 
4 133 193 (-4096 3072 -88 ) (-4096 3072 6272 ) (-4096 4096 6272 ) (-4096 4096 -88 ) 
4 133 180 (-3072 3072 -88 ) (-3072 3072 6272 ) (-4096 3072 6272 ) (-4096 3072 -88 ) 
4 133 134 (-3072 4096 -88 ) (-3072 3072 -88 ) (-4096 3072 -88 ) (-4096 4096 -88 ) 
4 134 194 (-4096 3072 -1024 ) (-4096 3072 -88 ) (-4096 4096 -88 ) (-4096 4096 -1024 ) 
4 134 181 (-3072 3072 -1024 ) (-3072 3072 -88 ) (-4096 3072 -88 ) (-4096 3072 -1024 ) 
4 135 140 (0 2048 -1024 ) (0 2048 6272 ) (-456 2048 6272 ) (-456 2048 -1024 ) 
4 135 137 (-456 2048 -1024 ) (-456 2048 -88 ) (-456 3072 -88 ) (-456 3072 -1024 ) 
4 135 136 (-456 2048 -88 ) (-456 2048 6272 ) (-456 3072 6272 ) (-456 3072 -88 ) 
4 136 141 (-456 2048 -88 ) (-456 2048 6272 ) (-1024 2048 6272 ) (-1024 2048 -88 ) 
4 136 138 (-1024 3072 6272 ) (-1024 3072 -88 ) (-1024 2048 -88 ) (-1024 2048 6272 ) 
4 136 137 (-1024 2048 -88 ) (-1024 3072 -88 ) (-456 3072 -88 ) (-456 2048 -88 ) 
4 137 142 (-456 2048 -1024 ) (-456 2048 -88 ) (-1024 2048 -88 ) (-1024 2048 -1024 ) 
4 137 139 (-1024 3072 -88 ) (-1024 3072 -1024 ) (-1024 2048 -1024 ) (-1024 2048 -88 ) 
4 138 178 (-2048 3072 6272 ) (-2048 3072 -88 ) (-2048 2048 -88 ) (-2048 2048 6272 ) 
4 138 143 (-1024 2048 -88 ) (-1024 2048 6272 ) (-2048 2048 6272 ) (-2048 2048 -88 ) 
4 138 139 (-2048 3072 -88 ) (-1024 3072 -88 ) (-1024 2048 -88 ) (-2048 2048 -88 ) 
4 139 179 (-2048 3072 -88 ) (-2048 3072 -1024 ) (-2048 2048 -1024 ) (-2048 2048 -88 ) 
4 139 144 (-1024 2048 -1024 ) (-1024 2048 -88 ) (-2048 2048 -88 ) (-2048 2048 -1024 ) 
3 140 157 (0 1024 105.054199 ) (0 1024 184 ) (-436.347229 1024 184 ) 
5 140 155 (0 1024 184 ) (0 1024 6272 ) (-456 1024 6272 ) (-456 1024 187.555664 ) (-436.347229 1024 184 ) 
4 140 154 (0 1024 -1024 ) (0 1024 -184 ) (-456 1024 -184 ) (-456 1024 -1024 ) 
4 140 152 (0 1024 -184 ) (0 1024 -152 ) (-256 1024 -152 ) (-256 1024 -184 ) 
4 140 153 (-256 1024 -152 ) (-456 1024 -152 ) (-456 1024 -184 ) (-256 1024 -184 ) 
4 140 148 (0 1024 -152 ) (0 1024 -32 ) (-256 1024 -32 ) (-256 1024 -152 ) 
4 140 149 (-256 1024 -32 ) (-456 1024 -32 ) (-456 1024 -152 ) (-256 1024 -152 ) 
4 140 147 (0 1024 -32 ) (0 1024 0 ) (-456 1024 0 ) (-456 1024 -32 ) 
4 140 145 (0 1024 0 ) (0 1024 105.054199 ) (-456 1024 187.555664 ) (-456 1024 0 ) 
4 140 142 (-456 2048 -88 ) (-456 2048 -1024 ) (-456 1024 -1024 ) (-456 1024 -88 ) 
4 140 141 (-456 2048 6272 ) (-456 2048 -88 ) (-456 1024 -88 ) (-456 1024 6272 ) 
4 141 170 (-456 1024 187.555542 ) (-456 1024 6272 ) (-569 1024 6272 ) (-569 1024 208 ) 
4 141 172 (-569 1024 6272 ) (-1024 1024 6272 ) (-1024 1024 290.320313 ) (-569 1024 208 ) 
4 141 166 (-456 1024 -88 ) (-456 1024 187.555542 ) (-1024 1024 290.320313 ) (-1024 1024 -88 ) 
4 141 143 (-1024 1024 -88 ) (-1024 1024 6272 ) (-1024 2048 6272 ) (-1024 2048 -88 ) 
4 141 142 (-1024 1024 -88 ) (-1024 2048 -88 ) (-456 2048 -88 ) (-456 1024 -88 ) 
4 142 174 (-456 1024 -1024 ) (-456 1024 -88 ) (-1024 1024 -88 ) (-1024 1024 -1024 ) 
4 142 144 (-1024 1024 -1024 ) (-1024 1024 -88 ) (-1024 2048 -88 ) (-1024 2048 -1024 ) 
4 143 182 (-2048 1024 -88 ) (-2048 1024 6272 ) (-2048 2048 6272 ) (-2048 2048 -88 ) 
4 143 175 (-2048 1024 6272 ) (-2048 1024 -88 ) (-1024 1024 -88 ) (-1024 1024 6272 ) 
4 143 144 (-2048 2048 -88 ) (-1024 2048 -88 ) (-1024 1024 -88 ) (-2048 1024 -88 ) 
4 144 183 (-2048 1024 -1024 ) (-2048 1024 -88 ) (-2048 2048 -88 ) (-2048 2048 -1024 ) 
4 144 177 (-2048 1024 -88 ) (-2048 1024 -1024 ) (-1024 1024 -1024 ) (-1024 1024 -88 ) 
4 145 166 (-456 352 187.555496 ) (-456 1024 187.555176 ) (-456 1024 0 ) (-456 352 0 ) 
4 145 157 (0 1024 105.054688 ) (-436.341949 1024 184 ) (-436.341949 352 184 ) (0 352 105.054695 ) 
4 145 155 (-436.341949 1024 184 ) (-456 1024 187.556641 ) (-456 352 187.556641 ) (-436.341949 352 184 ) 
4 145 147 (-456 352 0 ) (-456 1024 0 ) (0 1024 0 ) (0 352 0 ) 
5 146 313 (0 0 0 ) (0 0 105.054199 ) (-436.349792 0 184 ) (-456 0 184 ) (-456 0 0 ) 
4 146 169 (-456 0 0 ) (-456 0 184 ) (-456 320 184 ) (-456 320 0 ) 
4 146 165 (-436.341949 0 184 ) (0 0 105.054695 ) (0 320 105.054695 ) (-436.341949 320 184 ) 
4 147 166 (-456 352 0 ) (-456 1024 0 ) (-456 1024 -32 ) (-456 352 -32 ) 
4 147 148 (-256 1024 -32 ) (0 1024 -32 ) (0 384 -32 ) (-256 384 -32 ) 
4 147 149 (-456 352 -32 ) (-456 1024 -32 ) (-256 1024 -32 ) (-256 352 -32 ) 
4 148 152 (-256 1024 -152 ) (0 1024 -152 ) (0 384 -152 ) (-256 384 -152 ) 
4 148 149 (-256 1024 -152 ) (-256 384 -152 ) (-256 384 -32 ) (-256 1024 -32 ) 
4 149 174 (-456 1024 -88 ) (-456 1024 -152 ) (-456 536 -152 ) (-456 536 -88 ) 
4 149 173 (-456 536 -152 ) (-456 352 -152 ) (-456 352 -88 ) (-456 536 -88 ) 
4 149 166 (-456 352 -32 ) (-456 1024 -32 ) (-456 1024 -88 ) (-456 352 -88 ) 
4 149 153 (-456 352 -152 ) (-456 1024 -152 ) (-256 1024 -152 ) (-256 352 -152 ) 
4 149 151 (-456 352 -152 ) (-256 352 -152 ) (-256 352 -32 ) (-456 352 -32 ) 
4 150 318 (0 0 -152 ) (0 0 -32 ) (-224 0 -32 ) (-224 0 -152 ) 
4 151 319 (-256 0 -32 ) (-456 0 -32 ) (-456 0 -152 ) (-256 0 -152 ) 
4 151 173 (-456 0 -152 ) (-456 0 -88 ) (-456 352 -88 ) (-456 352 -152 ) 
4 151 169 (-456 0 -88 ) (-456 0 -32 ) (-456 320 -32 ) (-456 320 -88 ) 
4 151 167 (-456 320 -32 ) (-456 352 -32 ) (-456 352 -88 ) (-456 320 -88 ) 
4 151 153 (-456 0 -152 ) (-456 352 -152 ) (-256 352 -152 ) (-256 0 -152 ) 
4 152 154 (-256 1024 -184 ) (0 1024 -184 ) (0 384 -184 ) (-256 384 -184 ) 
4 152 153 (-256 1024 -184 ) (-256 384 -184 ) (-256 384 -152 ) (-256 1024 -152 ) 
4 153 323 (-256 0 -152 ) (-456 0 -152 ) (-456 0 -184 ) (-256 0 -184 ) 
4 153 174 (-456 536 -152 ) (-456 1024 -152 ) (-456 1024 -184 ) (-456 536 -184 ) 
4 153 173 (-456 0 -184 ) (-456 0 -152 ) (-456 536 -152 ) (-456 536 -184 ) 
4 153 154 (-456 0 -184 ) (-456 1024 -184 ) (-256 1024 -184 ) (-256 0 -184 ) 
4 154 324 (0 0 -1024 ) (0 0 -184 ) (-456 0 -184 ) (-456 0 -1024 ) 
4 154 174 (-456 536 -184 ) (-456 1024 -184 ) (-456 1024 -1024 ) (-456 536 -1024 ) 
4 154 173 (-456 0 -1024 ) (-456 0 -184 ) (-456 536 -184 ) (-456 536 -1024 ) 
4 155 170 (-456 352 6272 ) (-456 1024 6272 ) (-456 1024 187.555176 ) (-456 352 187.555496 ) 
4 155 157 (-436.345703 352 184 ) (-436.345734 1024 184 ) (0 1024 184 ) (0 352 184 ) 
4 155 156 (0 352 216 ) (0 352 6272 ) (-456 352 6272 ) (-456 352 216 ) 
4 156 325 (0 0 216 ) (0 0 6272 ) (-456 0 6272 ) (-456 0 216 ) 
4 156 171 (-456 0 216 ) (-456 0 6272 ) (-456 352 6272 ) (-456 352 216 ) 
4 157 164 (-234.664001 352 184 ) (-266.665985 352 184 ) (-276.317413 352 155.047348 ) (-246.135956 352 149.586792 ) 
4 157 163 (-298.664001 352 184 ) (-328.001038 352 184 ) (-334.163177 352 165.513046 ) (-306.428345 352 160.495148 ) 
4 157 162 (-359.997009 352 184 ) (-392 352 184 ) (-394.522827 352 176.433578 ) (-364.339630 352 170.972702 ) 
5 157 161 (0 352 184 ) (-10.667005 352 184 ) (-34.879414 352 111.365341 ) (-4.696436 352 105.904510 ) (0 352 119.992462 ) 
4 157 160 (-170.666000 352 184 ) (-202.667999 352 184 ) (-215.959030 352 144.127045 ) (-185.776871 352 138.666351 ) 
4 157 159 (-42.667000 352 184 ) (-74.665001 352 184 ) (-95.237549 352 122.285599 ) (-65.057098 352 116.825218 ) 
4 157 158 (-106.665009 352 184 ) (-138.667007 352 184 ) (-155.597763 352 133.206223 ) (-125.415253 352 127.745476 ) 
4 158 165 (-106.665009 320 184 ) (-138.667007 320 184 ) (-155.597763 320 133.206223 ) (-125.415253 320 127.745476 ) 
4 159 165 (-42.667000 320 184 ) (-74.665001 320 184 ) (-95.237549 320 122.285599 ) (-65.057098 320 116.825218 ) 
4 160 165 (-170.666000 320 184 ) (-202.667999 320 184 ) (-215.959030 320 144.127045 ) (-185.776871 320 138.666351 ) 
5 161 165 (0 320 184 ) (-10.667005 320 184 ) (-34.879414 320 111.365341 ) (-4.696436 320 105.904510 ) (0 320 119.992462 ) 
4 162 165 (-359.997009 320 184 ) (-392 320 184 ) (-394.522827 320 176.433578 ) (-364.339630 320 170.972702 ) 
4 163 165 (-298.664001 320 184 ) (-328.001038 320 184 ) (-334.163177 320 165.513046 ) (-306.428345 320 160.495148 ) 
4 164 165 (-234.664001 320 184 ) (-266.665985 320 184 ) (-276.317413 320 155.047348 ) (-246.135956 320 149.586792 ) 
3 165 328 (0 0 105.054199 ) (0 0 184 ) (-436.349792 0 184 ) 
4 166 175 (-1024 1024 290.320313 ) (-1024 1024 -88 ) (-1024 352 -88 ) (-1024 352 290.320496 ) 
5 166 174 (-1024 352 -88 ) (-1024 1024 -88 ) (-456 1024 -88 ) (-456 536 -88 ) (-892.911316 352 -88 ) 
3 166 173 (-456 536 -88 ) (-456 352 -88 ) (-892.911316 352 -88 ) 
4 166 170 (-456 352 187.555923 ) (-456 1024 187.555923 ) (-569 1024 208 ) (-569 352 208 ) 
4 166 172 (-569 1024 208 ) (-1024 1024 290.320923 ) (-1024 352 290.320831 ) (-569 352 208 ) 
5 166 167 (-1024 352 -88 ) (-456 352 -88 ) (-456 352 0 ) (-569 352 207.998322 ) (-1024 352 290.319031 ) 
4 167 175 (-1024 352 -88 ) (-1024 320 -88 ) (-1024 320 290.320496 ) (-1024 352 290.320496 ) 
4 167 174 (-1024 320 -88 ) (-1024 352 -88 ) (-892.911255 352 -88 ) (-968.895752 320 -88 ) 
4 167 173 (-892.911255 352 -88 ) (-456 352 -88 ) (-456 320 -88 ) (-968.895752 320 -88 ) 
4 167 172 (-569 352 208 ) (-1024 352 290.320831 ) (-1024 320 290.320831 ) (-569 320 208 ) 
4 167 168 (-555.961548 320 184 ) (-569 320 207.998322 ) (-1024 320 290.319031 ) (-1024 320 184 ) 
5 167 169 (-1024 320 -88 ) (-456 320 -88 ) (-456 320 0 ) (-555.961548 320 184 ) (-1024 320 184 ) 
4 168 312 (-569 0 208 ) (-1024 0 290.320313 ) (-1024 0 184 ) (-555.961548 0 184 ) 
4 168 175 (-1024 0 184 ) (-1024 0 290.320557 ) (-1024 320 290.320496 ) (-1024 320 184 ) 
4 168 172 (-1024 0 290.320801 ) (-569 0 208 ) (-569 320 208 ) (-1024 320 290.320831 ) 
4 168 169 (-1024 320 184 ) (-555.961548 320 184 ) (-555.961548 0 184 ) (-1024 0 184 ) 
4 169 319 (-456 0 -88 ) (-456 0 -32 ) (-1024 0 -32 ) (-1024 0 -88 ) 
4 169 317 (-456 0 -32 ) (-456 0 0 ) (-1024 0 0 ) (-1024 0 -32 ) 
4 169 313 (-456 0 0 ) (-456 0 184 ) (-1024 0 184 ) (-1024 0 0 ) 
4 169 175 (-1024 320 -88 ) (-1024 0 -88 ) (-1024 0 184 ) (-1024 320 184 ) 
3 169 174 (-1024 296.793488 -88 ) (-1024 320 -88 ) (-968.895752 320 -88 ) 
5 169 173 (-1024 0 -88 ) (-1024 296.793488 -88 ) (-968.895752 320 -88 ) (-456 320 -88 ) (-456 0 -88 ) 
4 170 171 (-569 352 6272 ) (-569 352 216 ) (-456 352 216 ) (-456 352 6272 ) 
4 170 172 (-569 1024 208 ) (-569 352 208 ) (-569 352 6272 ) (-569 1024 6272 ) 
4 171 325 (-456 0 216 ) (-456 0 6272 ) (-569 0 6272 ) (-569 0 216 ) 
4 171 172 (-569 0 216 ) (-569 0 6272 ) (-569 352 6272 ) (-569 352 216 ) 
4 172 327 (-569 0 6272 ) (-1024 0 6272 ) (-1024 0 290.320313 ) (-569 0 208 ) 
4 172 175 (-1024 1024 6272 ) (-1024 1024 290.320313 ) (-1024 0 290.320557 ) (-1024 0 6272 ) 
4 173 324 (-456 0 -1024 ) (-456 0 -184 ) (-1024 0 -184 ) (-1024 0 -1024 ) 
4 173 323 (-456 0 -184 ) (-456 0 -152 ) (-1024 0 -152 ) (-1024 0 -184 ) 
4 173 319 (-456 0 -152 ) (-456 0 -88 ) (-1024 0 -88 ) (-1024 0 -152 ) 
4 173 176 (-1024 296.793518 -1024 ) (-1024 0 -1024 ) (-1024 0 -88 ) (-1024 296.793549 -88 ) 
4 173 174 (-456 536 -1024 ) (-1024 296.793488 -1024 ) (-1024 296.792969 -88 ) (-456 536 -88 ) 
4 174 177 (-1024 1024 -88 ) (-1024 1024 -1024 ) (-1024 296.793518 -1024 ) (-1024 296.793549 -88 ) 
4 175 337 (-1024 0 -88 ) (-1024 0 6272 ) (-2048 0 6272 ) (-2048 0 -88 ) 
4 175 186 (-2048 0 -88 ) (-2048 0 6272 ) (-2048 1024 6272 ) (-2048 1024 -88 ) 
5 175 177 (-2048 0 -88 ) (-2048 1024 -88 ) (-1024 1024 -88 ) (-1024 296.793518 -88 ) (-1728.741333 0 -88 ) 
3 175 176 (-1024 296.793518 -88 ) (-1024 0 -88 ) (-1728.741333 0 -88 ) 
4 176 338 (-1024 0 -1024 ) (-1024 0 -88 ) (-1728.741333 0 -88 ) (-1728.741333 0 -1024 ) 
4 176 177 (-1024 296.794922 -1024 ) (-1728.744629 0 -1024 ) (-1728.746948 0 -88 ) (-1024 296.794922 -88 ) 
4 177 339 (-1728.741333 0 -88 ) (-2048 0 -88 ) (-2048 0 -1024 ) (-1728.741333 0 -1024 ) 
4 177 187 (-2048 0 -1024 ) (-2048 0 -88 ) (-2048 1024 -88 ) (-2048 1024 -1024 ) 
4 178 182 (-2048 2048 -88 ) (-2048 2048 6272 ) (-3072 2048 6272 ) (-3072 2048 -88 ) 
4 178 180 (-3072 3072 6272 ) (-3072 3072 -88 ) (-3072 2048 -88 ) (-3072 2048 6272 ) 
4 178 179 (-2048 2048 -88 ) (-3072 2048 -88 ) (-3072 3072 -88 ) (-2048 3072 -88 ) 
4 179 183 (-2048 2048 -1024 ) (-2048 2048 -88 ) (-3072 2048 -88 ) (-3072 2048 -1024 ) 
4 179 181 (-3072 3072 -88 ) (-3072 3072 -1024 ) (-3072 2048 -1024 ) (-3072 2048 -88 ) 
4 180 200 (-4096 2048 -88 ) (-4096 2048 6272 ) (-4096 3072 6272 ) (-4096 3072 -88 ) 
4 180 184 (-3072 2048 -88 ) (-3072 2048 6272 ) (-4096 2048 6272 ) (-4096 2048 -88 ) 
4 180 181 (-3072 3072 -88 ) (-3072 2048 -88 ) (-4096 2048 -88 ) (-4096 3072 -88 ) 
4 181 201 (-4096 2048 -1024 ) (-4096 2048 -88 ) (-4096 3072 -88 ) (-4096 3072 -1024 ) 
4 181 185 (-3072 2048 -1024 ) (-3072 2048 -88 ) (-4096 2048 -88 ) (-4096 2048 -1024 ) 
4 182 186 (-2048 1024 -88 ) (-2048 1024 6272 ) (-3072 1024 6272 ) (-3072 1024 -88 ) 
4 182 184 (-3072 1024 -88 ) (-3072 1024 6272 ) (-3072 2048 6272 ) (-3072 2048 -88 ) 
4 182 183 (-2048 1024 -88 ) (-3072 1024 -88 ) (-3072 2048 -88 ) (-2048 2048 -88 ) 
4 183 187 (-2048 1024 -1024 ) (-2048 1024 -88 ) (-3072 1024 -88 ) (-3072 1024 -1024 ) 
4 183 185 (-3072 1024 -1024 ) (-3072 1024 -88 ) (-3072 2048 -88 ) (-3072 2048 -1024 ) 
4 184 203 (-4096 1024 -88 ) (-4096 1024 6272 ) (-4096 2048 6272 ) (-4096 2048 -88 ) 
4 184 188 (-4096 1024 6272 ) (-4096 1024 -88 ) (-3072 1024 -88 ) (-3072 1024 6272 ) 
4 184 185 (-4096 2048 -88 ) (-3072 2048 -88 ) (-3072 1024 -88 ) (-4096 1024 -88 ) 
4 185 204 (-4096 1024 -1024 ) (-4096 1024 -88 ) (-4096 2048 -88 ) (-4096 2048 -1024 ) 
4 185 189 (-4096 1024 -88 ) (-4096 1024 -1024 ) (-3072 1024 -1024 ) (-3072 1024 -88 ) 
4 186 342 (-2048 0 -88 ) (-2048 0 6272 ) (-3072 0 6272 ) (-3072 0 -88 ) 
4 186 188 (-3072 1024 6272 ) (-3072 1024 -88 ) (-3072 0 -88 ) (-3072 0 6272 ) 
4 186 187 (-2048 0 -88 ) (-3072 0 -88 ) (-3072 1024 -88 ) (-2048 1024 -88 ) 
4 187 344 (-2048 0 -1024 ) (-2048 0 -88 ) (-3072 0 -88 ) (-3072 0 -1024 ) 
4 187 189 (-3072 1024 -88 ) (-3072 1024 -1024 ) (-3072 0 -1024 ) (-3072 0 -88 ) 
4 188 345 (-3072 0 -88 ) (-3072 0 6272 ) (-4096 0 6272 ) (-4096 0 -88 ) 
4 188 206 (-4096 0 -88 ) (-4096 0 6272 ) (-4096 1024 6272 ) (-4096 1024 -88 ) 
4 188 189 (-4096 0 -88 ) (-4096 1024 -88 ) (-3072 1024 -88 ) (-3072 0 -88 ) 
4 189 347 (-3072 0 -1024 ) (-3072 0 -88 ) (-4096 0 -88 ) (-4096 0 -1024 ) 
4 189 207 (-4096 0 -1024 ) (-4096 0 -88 ) (-4096 1024 -88 ) (-4096 1024 -1024 ) 
4 190 193 (-4096 4096 -88 ) (-4096 4096 6272 ) (-5120 4096 6272 ) (-5120 4096 -88 ) 
4 190 192 (-5120 5120 6272 ) (-5120 5120 256 ) (-5120 4096 256 ) (-5120 4096 6272 ) 
4 190 191 (-4096 4096 -88 ) (-5120 4096 -88 ) (-5120 5120 -88 ) (-4096 5120 -88 ) 
4 191 194 (-4096 4096 -1024 ) (-4096 4096 -88 ) (-5120 4096 -88 ) (-5120 4096 -1024 ) 
4 192 196 (-6144 5120 6272 ) (-6144 5120 256 ) (-6144 4096 256 ) (-6144 4096 6272 ) 
4 192 195 (-5120 4096 256 ) (-5120 4096 6272 ) (-6144 4096 6272 ) (-6144 4096 256 ) 
4 193 200 (-4096 3072 -88 ) (-4096 3072 6272 ) (-5120 3072 6272 ) (-5120 3072 -88 ) 
4 193 195 (-5120 4096 6272 ) (-5120 4096 256 ) (-5120 3072 256 ) (-5120 3072 6272 ) 
4 193 194 (-4096 3072 -88 ) (-5120 3072 -88 ) (-5120 4096 -88 ) (-4096 4096 -88 ) 
4 194 201 (-4096 3072 -1024 ) (-4096 3072 -88 ) (-5120 3072 -88 ) (-5120 3072 -1024 ) 
4 195 202 (-5120 3072 256 ) (-5120 3072 6272 ) (-6144 3072 6272 ) (-6144 3072 256 ) 
4 195 197 (-6144 3072 256 ) (-6144 3072 6272 ) (-6144 4096 6272 ) (-6144 4096 256 ) 
4 196 198 (-7168 4096 256 ) (-7168 4096 6272 ) (-7168 5120 6272 ) (-7168 5120 256 ) 
4 196 197 (-6144 4096 256 ) (-6144 4096 6272 ) (-7168 4096 6272 ) (-7168 4096 256 ) 
4 197 209 (-6144 3072 256 ) (-6144 3072 6272 ) (-7168 3072 6272 ) (-7168 3072 256 ) 
4 197 199 (-7168 3072 256 ) (-7168 3072 6272 ) (-7168 4096 6272 ) (-7168 4096 256 ) 
4 198 199 (-7168 4096 256 ) (-7168 4096 6272 ) (-7680 4096 6272 ) (-7680 4096 256 ) 
4 199 210 (-7168 3072 256 ) (-7168 3072 6272 ) (-7680 3072 6272 ) (-7680 3072 256 ) 
4 200 203 (-4096 2048 -88 ) (-4096 2048 6272 ) (-5120 2048 6272 ) (-5120 2048 -88 ) 
4 200 202 (-5120 3072 6272 ) (-5120 3072 256 ) (-5120 2048 256 ) (-5120 2048 6272 ) 
4 200 201 (-4096 2048 -88 ) (-5120 2048 -88 ) (-5120 3072 -88 ) (-4096 3072 -88 ) 
4 201 204 (-4096 2048 -1024 ) (-4096 2048 -88 ) (-5120 2048 -88 ) (-5120 2048 -1024 ) 
4 202 209 (-6144 3072 6272 ) (-6144 3072 256 ) (-6144 2048 256 ) (-6144 2048 6272 ) 
4 202 205 (-5120 2048 256 ) (-5120 2048 6272 ) (-6144 2048 6272 ) (-6144 2048 256 ) 
4 203 206 (-4096 1024 -88 ) (-4096 1024 6272 ) (-5120 1024 6272 ) (-5120 1024 -88 ) 
4 203 205 (-5120 1024 256 ) (-5120 1024 6272 ) (-5120 2048 6272 ) (-5120 2048 256 ) 
4 203 204 (-4096 1024 -88 ) (-5120 1024 -88 ) (-5120 2048 -88 ) (-4096 2048 -88 ) 
4 204 207 (-4096 1024 -1024 ) (-4096 1024 -88 ) (-5120 1024 -88 ) (-5120 1024 -1024 ) 
4 205 211 (-6144 1024 256 ) (-6144 1024 6272 ) (-6144 2048 6272 ) (-6144 2048 256 ) 
4 205 208 (-6144 1024 6272 ) (-6144 1024 256 ) (-5120 1024 256 ) (-5120 1024 6272 ) 
4 206 358 (-4096 0 -88 ) (-4096 0 6272 ) (-5120 0 6272 ) (-5120 0 -88 ) 
4 206 208 (-5120 1024 6272 ) (-5120 1024 256 ) (-5120 0 256 ) (-5120 0 6272 ) 
4 206 207 (-4096 0 -88 ) (-5120 0 -88 ) (-5120 1024 -88 ) (-4096 1024 -88 ) 
4 207 360 (-4096 0 -1024 ) (-4096 0 -88 ) (-5120 0 -88 ) (-5120 0 -1024 ) 
4 208 361 (-5120 0 256 ) (-5120 0 6272 ) (-6144 0 6272 ) (-6144 0 256 ) 
4 208 212 (-6144 0 256 ) (-6144 0 6272 ) (-6144 1024 6272 ) (-6144 1024 256 ) 
4 209 211 (-6144 2048 256 ) (-6144 2048 6272 ) (-7168 2048 6272 ) (-7168 2048 256 ) 
4 209 210 (-7168 3072 6272 ) (-7168 3072 256 ) (-7168 2048 256 ) (-7168 2048 6272 ) 
4 210 213 (-7168 2048 256 ) (-7168 2048 6272 ) (-7680 2048 6272 ) (-7680 2048 256 ) 
4 211 213 (-7168 2048 6272 ) (-7168 2048 256 ) (-7168 1024 256 ) (-7168 1024 6272 ) 
4 211 212 (-6144 1024 256 ) (-6144 1024 6272 ) (-7168 1024 6272 ) (-7168 1024 256 ) 
4 212 370 (-6144 0 256 ) (-6144 0 6272 ) (-7168 0 6272 ) (-7168 0 256 ) 
4 212 214 (-7168 0 256 ) (-7168 0 6272 ) (-7168 1024 6272 ) (-7168 1024 256 ) 
4 213 214 (-7168 1024 256 ) (-7168 1024 6272 ) (-7680 1024 6272 ) (-7680 1024 256 ) 
4 214 372 (-7168 0 256 ) (-7168 0 6272 ) (-7680 0 6272 ) (-7680 0 256 ) 
4 215 217 (7168 0 6272 ) (7168 0 256 ) (7168 -1024 256 ) (7168 -1024 6272 ) 
4 215 216 (7552 -1024 6272 ) (7168 -1024 6272 ) (7168 -1024 256 ) (7552 -1024 256 ) 
4 216 221 (7552 -2048 6272 ) (7168 -2048 6272 ) (7168 -2048 256 ) (7552 -2048 256 ) 
4 216 219 (7168 -2048 256 ) (7168 -2048 6272 ) (7168 -1024 6272 ) (7168 -1024 256 ) 
4 217 219 (7168 -1024 256 ) (7168 -1024 6272 ) (6144 -1024 6272 ) (6144 -1024 256 ) 
4 217 218 (6144 0 6272 ) (6144 0 256 ) (6144 -1024 256 ) (6144 -1024 6272 ) 
4 218 227 (5120 0 6272 ) (5120 0 256 ) (5120 -1024 256 ) (5120 -1024 6272 ) 
4 218 220 (6144 -1024 256 ) (6144 -1024 6272 ) (5120 -1024 6272 ) (5120 -1024 256 ) 
4 219 223 (7168 -2048 256 ) (7168 -2048 6272 ) (6144 -2048 6272 ) (6144 -2048 256 ) 
4 219 220 (6144 -1024 6272 ) (6144 -1024 256 ) (6144 -2048 256 ) (6144 -2048 6272 ) 
4 220 229 (5120 -2048 256 ) (5120 -2048 6272 ) (5120 -1024 6272 ) (5120 -1024 256 ) 
4 220 224 (6144 -2048 256 ) (6144 -2048 6272 ) (5120 -2048 6272 ) (5120 -2048 256 ) 
4 221 223 (7168 -2048 6272 ) (7168 -2048 256 ) (7168 -3072 256 ) (7168 -3072 6272 ) 
4 221 222 (7552 -3072 6272 ) (7168 -3072 6272 ) (7168 -3072 256 ) (7552 -3072 256 ) 
4 222 278 (7552 -4096 6272 ) (7168 -4096 6272 ) (7168 -4096 256 ) (7552 -4096 256 ) 
4 222 225 (7168 -4096 256 ) (7168 -4096 6272 ) (7168 -3072 6272 ) (7168 -3072 256 ) 
4 223 225 (7168 -3072 256 ) (7168 -3072 6272 ) (6144 -3072 6272 ) (6144 -3072 256 ) 
4 223 224 (6144 -2048 6272 ) (6144 -2048 256 ) (6144 -3072 256 ) (6144 -3072 6272 ) 
4 224 231 (5120 -3072 256 ) (5120 -3072 6272 ) (5120 -2048 6272 ) (5120 -2048 256 ) 
4 224 226 (6144 -3072 256 ) (6144 -3072 6272 ) (5120 -3072 6272 ) (5120 -3072 256 ) 
4 225 280 (7168 -4096 256 ) (7168 -4096 6272 ) (6144 -4096 6272 ) (6144 -4096 256 ) 
4 225 226 (6144 -3072 6272 ) (6144 -3072 256 ) (6144 -4096 256 ) (6144 -4096 6272 ) 
4 226 281 (6144 -4096 256 ) (6144 -4096 6272 ) (5120 -4096 6272 ) (5120 -4096 256 ) 
4 226 233 (5120 -4096 256 ) (5120 -4096 6272 ) (5120 -3072 6272 ) (5120 -3072 256 ) 
4 227 229 (5120 -1024 -1024 ) (5120 -1024 6272 ) (4096 -1024 6272 ) (4096 -1024 -1024 ) 
4 227 228 (4096 0 6272 ) (4096 0 -1024 ) (4096 -1024 -1024 ) (4096 -1024 6272 ) 
4 228 235 (3072 -1024 -1024 ) (3072 -1024 6272 ) (3072 0 6272 ) (3072 0 -1024 ) 
4 228 230 (3072 -1024 6272 ) (3072 -1024 -1024 ) (4096 -1024 -1024 ) (4096 -1024 6272 ) 
4 229 231 (5120 -2048 -1024 ) (5120 -2048 6272 ) (4096 -2048 6272 ) (4096 -2048 -1024 ) 
4 229 230 (4096 -1024 6272 ) (4096 -1024 -1024 ) (4096 -2048 -1024 ) (4096 -2048 6272 ) 
4 230 236 (3072 -2048 -1024 ) (3072 -2048 6272 ) (3072 -1024 6272 ) (3072 -1024 -1024 ) 
4 230 232 (4096 -2048 -1024 ) (4096 -2048 6272 ) (3072 -2048 6272 ) (3072 -2048 -1024 ) 
4 231 233 (5120 -3072 -1024 ) (5120 -3072 6272 ) (4096 -3072 6272 ) (4096 -3072 -1024 ) 
4 231 232 (4096 -3072 -1024 ) (4096 -3072 6272 ) (4096 -2048 6272 ) (4096 -2048 -1024 ) 
4 232 272 (3072 -3072 -1024 ) (3072 -3072 6272 ) (3072 -2048 6272 ) (3072 -2048 -1024 ) 
4 232 234 (3072 -3072 6272 ) (3072 -3072 -1024 ) (4096 -3072 -1024 ) (4096 -3072 6272 ) 
4 233 291 (5120 -4096 -1024 ) (5120 -4096 256 ) (5056 -4096 256 ) (5056 -4096 -1024 ) 
4 233 292 (5056 -4096 256 ) (4096 -4096 256 ) (4096 -4096 -1024 ) (5056 -4096 -1024 ) 
4 233 290 (5120 -4096 256 ) (5120 -4096 6272 ) (4096 -4096 6272 ) (4096 -4096 256 ) 
4 233 234 (4096 -3072 6272 ) (4096 -3072 -1024 ) (4096 -4096 -1024 ) (4096 -4096 6272 ) 
4 234 293 (4096 -4096 -1024 ) (4096 -4096 6272 ) (3072 -4096 6272 ) (3072 -4096 -1024 ) 
4 234 273 (3072 -4096 -1024 ) (3072 -4096 6272 ) (3072 -3072 6272 ) (3072 -3072 -1024 ) 
4 235 237 (2048 -1024 -1024 ) (2048 -1024 6272 ) (2048 0 6272 ) (2048 0 -1024 ) 
4 235 236 (3072 -1024 -1024 ) (3072 -1024 6272 ) (2048 -1024 6272 ) (2048 -1024 -1024 ) 
4 236 272 (3072 -2048 -1024 ) (3072 -2048 6272 ) (2048 -2048 6272 ) (2048 -2048 -1024 ) 
4 236 270 (2048 -2048 -1024 ) (2048 -2048 6272 ) (2048 -1024 6272 ) (2048 -1024 -1024 ) 
4 237 270 (2048 -1024 -1024 ) (2048 -1024 6272 ) (1024 -1024 6272 ) (1024 -1024 -1024 ) 
4 237 269 (1024 -1024 -1024 ) (1024 -1024 -184 ) (1024 -352 -184 ) (1024 -352 -1024 ) 
4 237 267 (1024 -1024 -184 ) (1024 -1024 -152 ) (1024 -352 -152 ) (1024 -352 -184 ) 
4 237 264 (1024 -1024 -152 ) (1024 -1024 6272 ) (1024 -352 6272 ) (1024 -352 -152 ) 
4 237 261 (1024 -320 -80.212349 ) (1024 -352 -80.212341 ) (1024 -352 184 ) (1024 -320 184 ) 
4 237 252 (1024 0 184 ) (1024 0 -80.212402 ) (1024 -320 -80.212349 ) (1024 -320 184 ) 
4 237 251 (1024 0 216 ) (1024 0 184 ) (1024 -352 184 ) (1024 -352 216 ) 
4 237 250 (1024 -352 6272 ) (1024 0 6272 ) (1024 0 216 ) (1024 -352 216 ) 
4 237 248 (1024 0 -152 ) (1024 0 -1024 ) (1024 -352 -1024 ) (1024 -352 -152 ) 
4 237 240 (1024 0 -80.212402 ) (1024 0 -152 ) (1024 -352 -152 ) (1024 -352 -80.212341 ) 
3 238 264 (757.522095 -352 -32 ) (592 -352 -2.053019 ) (592 -352 -32 ) 
4 238 261 (592 -352 -2.052486 ) (757.525146 -352 -32 ) (757.525208 -320 -32 ) (592 -320 -2.052473 ) 
4 238 252 (757.525208 -320 -32 ) (757.526001 0 -32 ) (592 0 -2.052336 ) (592 -320 -2.052473 ) 
4 238 240 (592 0 -32 ) (757.520630 0 -32 ) (757.520630 -352 -32 ) (592 -352 -32 ) 
4 239 254 (387.640259 -320 34.921165 ) (387.640350 0 34.921280 ) (376 0 37.027298 ) (376 -320 37.027172 ) 
4 239 244 (376 -320 37.026936 ) (376 -72 37.026939 ) (376 -72 0 ) (376 -320 0 ) 
4 239 241 (376 -72 37.026939 ) (376 0 37.026939 ) (376 0 0 ) (376 -72 0 ) 
5 240 264 (408 -352 -152 ) (1024 -352 -152 ) (1024 -352 -80.212341 ) (757.522095 -352 -32 ) (408 -352 -32 ) 
4 240 261 (757.525146 -352 -32 ) (1024 -352 -80.211761 ) (1024 -320 -80.211746 ) (757.525208 -320 -32 ) 
4 240 252 (1024 -320 -80.211746 ) (1024 0 -80.211609 ) (757.526001 0 -32 ) (757.525208 -320 -32 ) 
4 240 248 (1024 0 -152 ) (1024 -352 -152 ) (408 -352 -152 ) (408 0 -152 ) 
4 241 254 (376 -72 37.027271 ) (376 0 37.027298 ) (276 0 55.119720 ) (276 -72 55.119694 ) 
4 241 244 (376 -72 0 ) (376 -72 37.026535 ) (276 -72 55.118076 ) (276 -72 0 ) 
4 241 243 (276 -72 0 ) (276 -72 55.118988 ) (276 0 55.118984 ) (276 0 -48 ) 
4 242 245 (276 -72 -152 ) (376 -72 -152 ) (376 -72 -32 ) (276 -72 -32 ) 
4 243 254 (276 0 55.119720 ) (264 0 57.290810 ) (264 -72 57.290783 ) (276 -72 55.119694 ) 
3 243 247 (264 0 -32 ) (264 0 -48 ) (264 -24 -32 ) 
4 243 246 (264 -72 0 ) (264 -72 57.289566 ) (264 0 57.289566 ) (264 0 0 ) 
4 243 244 (264 -72 57.289063 ) (264 -72 0 ) (276 -72 0 ) (276 -72 55.118076 ) 
4 244 254 (376 -320 37.027172 ) (376 -72 37.027271 ) (264 -72 57.290783 ) (264 -320 57.290691 ) 
4 244 246 (264 -320 57.289570 ) (264 -72 57.289566 ) (264 -72 0 ) (264 -320 0 ) 
4 245 247 (264 -72 -152 ) (264 -352 -152 ) (264 -352 -32 ) (264 -72 -32 ) 
4 246 313 (0 0 105.054199 ) (0 0 0 ) (0 -320 0 ) (0 -320 105.054199 ) 
4 246 254 (264 -320 57.290691 ) (264 0 57.290810 ) (0 0 105.054810 ) (0 -320 105.054695 ) 
4 247 318 (0 0 -32 ) (0 0 -152 ) (0 -352 -152 ) (0 -352 -32 ) 
4 248 269 (408 -352 -1024 ) (1024 -352 -1024 ) (1024 -352 -184 ) (408 -352 -184 ) 
4 248 267 (1024 -352 -184 ) (1024 -352 -152 ) (408 -352 -152 ) (408 -352 -184 ) 
4 248 249 (408 0 -1024 ) (408 -352 -1024 ) (408 -352 -184 ) (408 0 -184 ) 
4 249 324 (0 0 -184 ) (0 0 -1024 ) (0 -352 -1024 ) (0 -352 -184 ) 
4 249 269 (0 -352 -184 ) (0 -352 -1024 ) (408 -352 -1024 ) (408 -352 -184 ) 
4 250 325 (0 0 6272 ) (0 0 216 ) (0 -352 216 ) (0 -352 6272 ) 
4 250 265 (0 -352 6272 ) (0 -352 216 ) (408 -352 216 ) (408 -352 6272 ) 
4 250 264 (408 -352 216 ) (1024 -352 216 ) (1024 -352 6272 ) (408 -352 6272 ) 
4 250 251 (1024 -352 216 ) (472 -352 216 ) (472 0 216 ) (1024 0 216 ) 
4 251 264 (489.777740 -352 184 ) (1024 -352 184 ) (1024 -352 216 ) (472 -352 216 ) 
4 251 262 (592 -352 184 ) (489.777710 -352 184 ) (489.777710 -320 184 ) (592 -320 184 ) 
4 251 261 (1024 -352 184 ) (592 -352 184 ) (592 -320 184 ) (1024 -320 184 ) 
4 251 253 (489.777710 -320 184 ) (489.777740 0 184 ) (592 0 184 ) (592 -320 184 ) 
4 251 252 (592 0 184 ) (1024 0 184 ) (1024 -320 184 ) (592 -320 184 ) 
4 252 261 (1024 -320 184 ) (592 -320 184 ) (592 -320 -2.052376 ) (1024 -320 -80.211670 ) 
4 252 253 (592 -320 0 ) (592 -320 184 ) (592 0 184 ) (592 0 0 ) 
3 253 262 (592 -320 184 ) (489.777802 -320 184 ) (592 -320 0 ) 
4 254 328 (0 0 184 ) (0 0 105.054199 ) (0 -320 105.054199 ) (0 -320 184 ) 
4 254 263 (405.335999 -320 184 ) (373.334015 -320 184 ) (327.280701 -320 45.841778 ) (357.460754 -320 40.381470 ) 
3 254 260 (21.337896 -320 184 ) (0 -320 184 ) (0 -320 119.992470 ) 
4 254 259 (85.335899 -320 184 ) (53.332005 -320 184 ) (25.480974 -320 100.444687 ) (55.916428 -320 94.938171 ) 
4 254 258 (341.332001 -320 184 ) (309.335999 -320 184 ) (266.921295 -320 56.762260 ) (297.100464 -320 51.302113 ) 
4 254 257 (149.334000 -320 184 ) (117.334000 -320 184 ) (85.841591 -320 89.523979 ) (116.021484 -320 84.063705 ) 
4 254 256 (213.332001 -320 184 ) (181.332001 -320 184 ) (146.200729 -320 78.603546 ) (176.380676 -320 73.143257 ) 
4 254 255 (277.334015 -320 184 ) (245.335999 -320 184 ) (206.561646 -320 67.682785 ) (236.741028 -320 62.222603 ) 
4 255 265 (206.561462 -352 67.682198 ) (236.740845 -352 62.222015 ) (277.334045 -352 184 ) (245.335999 -352 184 ) 
4 256 265 (146.200546 -352 78.602959 ) (176.380478 -352 73.142670 ) (213.332001 -352 184 ) (181.332001 -352 184 ) 
4 257 265 (85.841408 -352 89.523399 ) (116.021286 -352 84.063126 ) (149.334000 -352 184 ) (117.333984 -352 184 ) 
4 258 265 (266.921082 -352 56.761673 ) (297.100250 -352 51.301529 ) (341.332031 -352 184 ) (309.335999 -352 184 ) 
4 259 265 (25.480783 -352 100.444107 ) (55.916241 -352 94.937592 ) (85.335907 -352 184 ) (53.332005 -352 184 ) 
4 260 332 (0 -352 119.992462 ) (0 -352 184 ) (0 -320 184 ) (0 -320 119.992455 ) 
3 260 265 (0 -352 184 ) (0 -352 119.992455 ) (21.337896 -352 184 ) 
4 261 264 (592 -352 -2.053017 ) (1024 -352 -80.212341 ) (1024 -352 184 ) (592 -352 184 ) 
4 261 262 (592 -352 184 ) (592 -320 184 ) (592 -320 0 ) (592 -352 0 ) 
3 262 264 (592 -352 0 ) (592 -352 184 ) (489.777771 -352 184 ) 
4 263 265 (327.280487 -352 45.841187 ) (357.460571 -352 40.380878 ) (405.335999 -352 184 ) (373.334015 -352 184 ) 
4 264 271 (408 -1024 -152 ) (1024 -1024 -152 ) (1024 -1024 6272 ) (408 -1024 6272 ) 
4 264 267 (1024 -1024 -152 ) (408 -1024 -152 ) (408 -352 -152 ) (1024 -352 -152 ) 
4 264 265 (408 -384 -32 ) (408 -384 6272 ) (408 -352 6272 ) (408 -352 -32 ) 
4 264 266 (408 -384 -152 ) (408 -1024 -152 ) (408 -1024 6272 ) (408 -384 6272 ) 
4 265 336 (0 -352 184 ) (0 -352 105.054199 ) (0 -384 105.054077 ) (0 -384 184 ) 
4 265 326 (0 -384 6272 ) (0 -352 6272 ) (0 -352 184 ) (0 -384 184 ) 
4 265 316 (0 -352 0 ) (0 -352 -32 ) (0 -384 -32 ) (0 -384 0 ) 
4 265 315 (0 -352 105.054199 ) (0 -352 0 ) (0 -384 0 ) (0 -384 105.054077 ) 
4 265 266 (408 -384 -32 ) (408 -384 6272 ) (0 -384 6272 ) (0 -384 -32 ) 
4 266 336 (0 -1024 105.054077 ) (0 -1024 184 ) (0 -384 184 ) (0 -384 105.053711 ) 
4 266 326 (0 -1024 184 ) (0 -1024 6272 ) (0 -384 6272 ) (0 -384 184 ) 
4 266 320 (0 -1024 -152 ) (0 -1024 -32 ) (0 -384 -32 ) (0 -384 -152 ) 
4 266 316 (0 -1024 -32 ) (0 -1024 0 ) (0 -384 0 ) (0 -384 -32 ) 
4 266 315 (0 -1024 0 ) (0 -1024 105.054077 ) (0 -384 105.053711 ) (0 -384 0 ) 
4 266 271 (0 -1024 6272 ) (0 -1024 -152 ) (408 -1024 -152 ) (408 -1024 6272 ) 
4 266 268 (408 -1024 -152 ) (0 -1024 -152 ) (0 -384 -152 ) (408 -384 -152 ) 
4 267 271 (408 -1024 -184 ) (1024 -1024 -184 ) (1024 -1024 -152 ) (408 -1024 -152 ) 
4 267 269 (408 -352 -184 ) (1024 -352 -184 ) (1024 -1024 -184 ) (408 -1024 -184 ) 
4 267 268 (408 -384 -184 ) (408 -1024 -184 ) (408 -1024 -152 ) (408 -384 -152 ) 
4 268 322 (0 -1024 -184 ) (0 -1024 -152 ) (0 -384 -152 ) (0 -384 -184 ) 
4 268 271 (0 -1024 -152 ) (0 -1024 -184 ) (408 -1024 -184 ) (408 -1024 -152 ) 
4 268 269 (408 -384 -184 ) (408 -1024 -184 ) (0 -1024 -184 ) (0 -384 -184 ) 
4 269 324 (0 -1024 -1024 ) (0 -1024 -184 ) (0 -352 -184 ) (0 -352 -1024 ) 
4 269 271 (0 -1024 -184 ) (0 -1024 -1024 ) (1024 -1024 -1024 ) (1024 -1024 -184 ) 
4 270 274 (2048 -2048 -1024 ) (2048 -2048 6272 ) (1024 -2048 6272 ) (1024 -2048 -1024 ) 
4 270 271 (1024 -1024 6272 ) (1024 -1024 -1024 ) (1024 -2048 -1024 ) (1024 -2048 6272 ) 
4 271 340 (0 -2048 -1024 ) (0 -2048 6272 ) (0 -1024 6272 ) (0 -1024 -1024 ) 
4 271 275 (0 -2048 6272 ) (0 -2048 -1024 ) (1024 -2048 -1024 ) (1024 -2048 6272 ) 
4 272 274 (2048 -2048 6272 ) (2048 -2048 -1024 ) (2048 -3072 -1024 ) (2048 -3072 6272 ) 
4 272 273 (3072 -3072 -1024 ) (3072 -3072 6272 ) (2048 -3072 6272 ) (2048 -3072 -1024 ) 
4 273 296 (3072 -4096 -1024 ) (3072 -4096 6272 ) (2048 -4096 6272 ) (2048 -4096 -1024 ) 
4 273 276 (2048 -4096 -1024 ) (2048 -4096 6272 ) (2048 -3072 6272 ) (2048 -3072 -1024 ) 
4 274 276 (2048 -3072 -1024 ) (2048 -3072 6272 ) (1024 -3072 6272 ) (1024 -3072 -1024 ) 
4 274 275 (1024 -2048 6272 ) (1024 -2048 -1024 ) (1024 -3072 -1024 ) (1024 -3072 6272 ) 
4 275 350 (0 -3072 -1024 ) (0 -3072 6272 ) (0 -2048 6272 ) (0 -2048 -1024 ) 
4 275 277 (0 -3072 6272 ) (0 -3072 -1024 ) (1024 -3072 -1024 ) (1024 -3072 6272 ) 
4 276 298 (2048 -4096 -1024 ) (2048 -4096 6272 ) (1024 -4096 6272 ) (1024 -4096 -1024 ) 
4 276 277 (1024 -3072 6272 ) (1024 -3072 -1024 ) (1024 -4096 -1024 ) (1024 -4096 6272 ) 
4 277 352 (0 -4096 -1024 ) (0 -4096 6272 ) (0 -3072 6272 ) (0 -3072 -1024 ) 
4 277 299 (1024 -4096 -1024 ) (1024 -4096 6272 ) (0 -4096 6272 ) (0 -4096 -1024 ) 
4 278 280 (7168 -4096 6272 ) (7168 -4096 256 ) (7168 -5120 256 ) (7168 -5120 6272 ) 
4 278 279 (7552 -5120 6272 ) (7168 -5120 6272 ) (7168 -5120 256 ) (7552 -5120 256 ) 
4 279 284 (7552 -6144 6272 ) (7168 -6144 6272 ) (7168 -6144 256 ) (7552 -6144 256 ) 
4 279 282 (7168 -6144 256 ) (7168 -6144 6272 ) (7168 -5120 6272 ) (7168 -5120 256 ) 
4 280 282 (7168 -5120 256 ) (7168 -5120 6272 ) (6144 -5120 6272 ) (6144 -5120 256 ) 
4 280 281 (6144 -4096 6272 ) (6144 -4096 256 ) (6144 -5120 256 ) (6144 -5120 6272 ) 
4 281 290 (5120 -4096 6272 ) (5120 -4096 256 ) (5120 -5120 256 ) (5120 -5120 6272 ) 
4 281 283 (6144 -5120 256 ) (6144 -5120 6272 ) (5120 -5120 6272 ) (5120 -5120 256 ) 
4 282 286 (7168 -6144 256 ) (7168 -6144 6272 ) (6144 -6144 6272 ) (6144 -6144 256 ) 
4 282 283 (6144 -5120 6272 ) (6144 -5120 256 ) (6144 -6144 256 ) (6144 -6144 6272 ) 
4 283 294 (5120 -6144 256 ) (5120 -6144 6272 ) (5120 -5120 6272 ) (5120 -5120 256 ) 
4 283 287 (6144 -6144 256 ) (6144 -6144 6272 ) (5120 -6144 6272 ) (5120 -6144 256 ) 
4 284 286 (7168 -6144 6272 ) (7168 -6144 256 ) (7168 -7168 256 ) (7168 -7168 6272 ) 
4 284 285 (7552 -7168 6272 ) (7168 -7168 6272 ) (7168 -7168 256 ) (7552 -7168 256 ) 
4 285 288 (7168 -7552 6272 ) (7168 -7168 6272 ) (7168 -7168 256 ) (7168 -7552 256 ) 
4 286 288 (7168 -7168 256 ) (7168 -7168 6272 ) (6144 -7168 6272 ) (6144 -7168 256 ) 
4 286 287 (6144 -6144 6272 ) (6144 -6144 256 ) (6144 -7168 256 ) (6144 -7168 6272 ) 
4 287 302 (5120 -7168 256 ) (5120 -7168 6272 ) (5120 -6144 6272 ) (5120 -6144 256 ) 
4 287 289 (6144 -7168 256 ) (6144 -7168 6272 ) (5120 -7168 6272 ) (5120 -7168 256 ) 
4 288 289 (6144 -7552 6272 ) (6144 -7168 6272 ) (6144 -7168 256 ) (6144 -7552 256 ) 
4 289 304 (5120 -7552 6272 ) (5120 -7168 6272 ) (5120 -7168 256 ) (5120 -7552 256 ) 
4 290 294 (5120 -5120 256 ) (5120 -5120 6272 ) (4096 -5120 6272 ) (4096 -5120 256 ) 
4 290 293 (4096 -4096 6272 ) (4096 -4096 256 ) (4096 -5120 256 ) (4096 -5120 6272 ) 
4 290 291 (5056 -4096 256 ) (5120 -4096 256 ) (5120 -5056 256 ) (5056 -5056 256 ) 
4 290 292 (4096 -5120 256 ) (4096 -4096 256 ) (5056 -4096 256 ) (5056 -5120 256 ) 
4 291 292 (5056 -4096 -1024 ) (5056 -5056 -1024 ) (5056 -5056 256 ) (5056 -4096 256 ) 
4 292 293 (4096 -4096 256 ) (4096 -4096 -1024 ) (4096 -5120 -1024 ) (4096 -5120 256 ) 
4 293 296 (3072 -4096 6272 ) (3072 -4096 -1024 ) (3072 -5120 -1024 ) (3072 -5120 6272 ) 
4 293 295 (4096 -5120 256 ) (4096 -5120 6272 ) (3072 -5120 6272 ) (3072 -5120 256 ) 
4 294 302 (5120 -6144 256 ) (5120 -6144 6272 ) (4096 -6144 6272 ) (4096 -6144 256 ) 
4 294 295 (4096 -5120 6272 ) (4096 -5120 256 ) (4096 -6144 256 ) (4096 -6144 6272 ) 
4 295 303 (4096 -6144 256 ) (4096 -6144 6272 ) (3072 -6144 6272 ) (3072 -6144 256 ) 
4 295 297 (3072 -6144 256 ) (3072 -6144 6272 ) (3072 -5120 6272 ) (3072 -5120 256 ) 
4 296 298 (2048 -5120 -1024 ) (2048 -5120 6272 ) (2048 -4096 6272 ) (2048 -4096 -1024 ) 
4 296 297 (3072 -5120 256 ) (3072 -5120 6272 ) (2048 -5120 6272 ) (2048 -5120 256 ) 
4 297 306 (3072 -6144 256 ) (3072 -6144 6272 ) (2048 -6144 6272 ) (2048 -6144 256 ) 
4 297 300 (2048 -6144 256 ) (2048 -6144 6272 ) (2048 -5120 6272 ) (2048 -5120 256 ) 
4 298 300 (2048 -5120 256 ) (2048 -5120 6272 ) (1024 -5120 6272 ) (1024 -5120 256 ) 
4 298 299 (1024 -5120 -1024 ) (1024 -5120 6272 ) (1024 -4096 6272 ) (1024 -4096 -1024 ) 
4 299 378 (0 -5120 -1024 ) (0 -5120 6272 ) (0 -4096 6272 ) (0 -4096 -1024 ) 
4 299 301 (0 -5120 6272 ) (0 -5120 256 ) (1024 -5120 256 ) (1024 -5120 6272 ) 
4 300 307 (2048 -6144 256 ) (2048 -6144 6272 ) (1024 -6144 6272 ) (1024 -6144 256 ) 
4 300 301 (1024 -5120 6272 ) (1024 -5120 256 ) (1024 -6144 256 ) (1024 -6144 6272 ) 
4 301 380 (0 -6144 256 ) (0 -6144 6272 ) (0 -5120 6272 ) (0 -5120 256 ) 
4 301 308 (1024 -6144 256 ) (1024 -6144 6272 ) (0 -6144 6272 ) (0 -6144 256 ) 
4 302 304 (5120 -7168 256 ) (5120 -7168 6272 ) (4096 -7168 6272 ) (4096 -7168 256 ) 
4 302 303 (4096 -6144 6272 ) (4096 -6144 256 ) (4096 -7168 256 ) (4096 -7168 6272 ) 
4 303 306 (3072 -6144 6272 ) (3072 -6144 256 ) (3072 -7168 256 ) (3072 -7168 6272 ) 
4 303 305 (4096 -7168 256 ) (4096 -7168 6272 ) (3072 -7168 6272 ) (3072 -7168 256 ) 
4 304 305 (4096 -7552 6272 ) (4096 -7168 6272 ) (4096 -7168 256 ) (4096 -7552 256 ) 
4 305 309 (3072 -7552 6272 ) (3072 -7168 6272 ) (3072 -7168 256 ) (3072 -7552 256 ) 
4 306 309 (3072 -7168 256 ) (3072 -7168 6272 ) (2048 -7168 6272 ) (2048 -7168 256 ) 
4 306 307 (2048 -6144 6272 ) (2048 -6144 256 ) (2048 -7168 256 ) (2048 -7168 6272 ) 
4 307 310 (2048 -7168 256 ) (2048 -7168 6272 ) (1024 -7168 6272 ) (1024 -7168 256 ) 
4 307 308 (1024 -7168 256 ) (1024 -7168 6272 ) (1024 -6144 6272 ) (1024 -6144 256 ) 
4 308 386 (0 -7168 256 ) (0 -7168 6272 ) (0 -6144 6272 ) (0 -6144 256 ) 
4 308 311 (1024 -7168 256 ) (1024 -7168 6272 ) (0 -7168 6272 ) (0 -7168 256 ) 
4 309 310 (2048 -7168 6272 ) (2048 -7168 256 ) (2048 -7552 256 ) (2048 -7552 6272 ) 
4 310 311 (1024 -7168 6272 ) (1024 -7168 256 ) (1024 -7552 256 ) (1024 -7552 6272 ) 
4 311 388 (0 -7552 6272 ) (0 -7168 6272 ) (0 -7168 256 ) (0 -7552 256 ) 
4 312 337 (-1024 0 290.320801 ) (-1024 0 184 ) (-1024 -320 184 ) (-1024 -320 290.320740 ) 
4 312 327 (-569 0 208 ) (-1024 0 290.321167 ) (-1024 -320 290.321198 ) (-569 -320 208 ) 
4 312 314 (-569 -320 208 ) (-1024 -320 290.321320 ) (-1024 -320 184 ) (-555.961487 -320 184 ) 
4 312 313 (-555.961548 -320 184 ) (-1024 -320 184 ) (-1024 0 184 ) (-555.961548 0 184 ) 
4 313 337 (-1024 0 184 ) (-1024 0 0 ) (-1024 -320 0 ) (-1024 -320 184 ) 
4 313 328 (0 -320 105.054688 ) (0 0 105.054688 ) (-436.344452 0 184 ) (-436.344360 -320 184 ) 
4 313 317 (-1024 0 0 ) (-456 0 0 ) (-456 -320 0 ) (-1024 -320 0 ) 
4 313 314 (-1024 -320 0 ) (-456 -320 0 ) (-555.961548 -320 184 ) (-1024 -320 184 ) 
4 314 337 (-1024 -320 0 ) (-1024 -352 0 ) (-1024 -352 290.320740 ) (-1024 -320 290.320740 ) 
4 314 327 (-569 -320 208 ) (-1024 -320 290.321198 ) (-1024 -352 290.321198 ) (-569 -352 208 ) 
4 314 317 (-456 -352 0 ) (-1024 -352 0 ) (-1024 -320 0 ) (-456 -320 0 ) 
4 314 315 (-1024 -352 0 ) (-456 -352 0 ) (-569 -352 208 ) (-1024 -352 290.321289 ) 
4 315 340 (0 -1024 0 ) (0 -1024 105.054199 ) (-1024 -1024 290.320801 ) (-1024 -1024 0 ) 
4 315 337 (-1024 -352 0 ) (-1024 -1024 0 ) (-1024 -1024 290.320557 ) (-1024 -352 290.320740 ) 
4 315 336 (-436.344177 -1024 184 ) (0 -1024 105.054688 ) (0 -352 105.054688 ) (-436.344391 -352 184 ) 
4 315 326 (-569 -1024 208 ) (-436.344177 -1024 184 ) (-436.344391 -352 184 ) (-569 -352 208 ) 
4 315 327 (-1024 -1024 290.321289 ) (-569 -1024 208 ) (-569 -352 208 ) (-1024 -352 290.321198 ) 
4 315 316 (0 -352 0 ) (0 -1024 0 ) (-456 -1024 0 ) (-456 -352 0 ) 
4 315 317 (-456 -1024 0 ) (-1024 -1024 0 ) (-1024 -352 0 ) (-456 -352 0 ) 
4 316 340 (0 -1024 -32 ) (0 -1024 0 ) (-456 -1024 0 ) (-456 -1024 -32 ) 
4 316 320 (0 -384 -32 ) (0 -1024 -32 ) (-256 -1024 -32 ) (-256 -384 -32 ) 
4 316 321 (-256 -1024 -32 ) (-456 -1024 -32 ) (-456 -352 -32 ) (-256 -352 -32 ) 
4 316 317 (-456 -352 -32 ) (-456 -1024 -32 ) (-456 -1024 0 ) (-456 -352 0 ) 
4 317 340 (-456 -1024 0 ) (-1024 -1024 0 ) (-1024 -1024 -32 ) (-456 -1024 -32 ) 
4 317 337 (-1024 0 0 ) (-1024 0 -32 ) (-1024 -1024 -32 ) (-1024 -1024 0 ) 
4 317 321 (-1024 -1024 -32 ) (-1024 -352 -32 ) (-456 -352 -32 ) (-456 -1024 -32 ) 
4 317 319 (-1024 -352 -32 ) (-1024 0 -32 ) (-456 0 -32 ) (-456 -352 -32 ) 
4 319 338 (-1024 0 -88 ) (-1024 0 -152 ) (-1024 -352 -152 ) (-1024 -352 -88 ) 
4 319 337 (-1024 0 -32 ) (-1024 0 -88 ) (-1024 -352 -88 ) (-1024 -352 -32 ) 
4 319 323 (-1024 0 -152 ) (-256 0 -152 ) (-256 -352 -152 ) (-1024 -352 -152 ) 
4 319 321 (-1024 -352 -152 ) (-256 -352 -152 ) (-256 -352 -32 ) (-1024 -352 -32 ) 
4 320 340 (0 -1024 -152 ) (0 -1024 -32 ) (-256 -1024 -32 ) (-256 -1024 -152 ) 
4 320 322 (0 -384 -152 ) (0 -1024 -152 ) (-256 -1024 -152 ) (-256 -384 -152 ) 
4 320 321 (-256 -384 -152 ) (-256 -1024 -152 ) (-256 -1024 -32 ) (-256 -384 -32 ) 
4 321 340 (-256 -1024 -32 ) (-1024 -1024 -32 ) (-1024 -1024 -152 ) (-256 -1024 -152 ) 
4 321 338 (-1024 -352 -152 ) (-1024 -1024 -152 ) (-1024 -1024 -88 ) (-1024 -352 -88 ) 
4 321 337 (-1024 -1024 -88 ) (-1024 -1024 -32 ) (-1024 -352 -32 ) (-1024 -352 -88 ) 
4 321 323 (-256 -1024 -152 ) (-1024 -1024 -152 ) (-1024 -352 -152 ) (-256 -352 -152 ) 
4 322 340 (0 -1024 -184 ) (0 -1024 -152 ) (-256 -1024 -152 ) (-256 -1024 -184 ) 
4 322 324 (0 -384 -184 ) (0 -1024 -184 ) (-256 -1024 -184 ) (-256 -384 -184 ) 
4 322 323 (-256 -384 -184 ) (-256 -1024 -184 ) (-256 -1024 -152 ) (-256 -384 -152 ) 
4 323 340 (-256 -1024 -152 ) (-1024 -1024 -152 ) (-1024 -1024 -184 ) (-256 -1024 -184 ) 
4 323 338 (-1024 0 -152 ) (-1024 0 -184 ) (-1024 -1024 -184 ) (-1024 -1024 -152 ) 
4 323 324 (-1024 -1024 -184 ) (-1024 0 -184 ) (-256 0 -184 ) (-256 -1024 -184 ) 
4 324 340 (0 -1024 -1024 ) (0 -1024 -184 ) (-1024 -1024 -184 ) (-1024 -1024 -1024 ) 
4 324 338 (-1024 0 -184 ) (-1024 0 -1024 ) (-1024 -1024 -1024 ) (-1024 -1024 -184 ) 
4 325 326 (-569 -352 6272 ) (-569 -352 216 ) (0 -352 216 ) (0 -352 6272 ) 
4 325 327 (-569 -352 216 ) (-569 -352 6272 ) (-569 0 6272 ) (-569 0 216 ) 
5 326 340 (0 -1024 184 ) (0 -1024 6272 ) (-569 -1024 6272 ) (-569 -1024 208 ) (-436.346863 -1024 184 ) 
4 326 336 (-436.345673 -1024 184 ) (-436.345703 -352 184 ) (0 -352 184 ) (0 -1024 184 ) 
4 326 327 (-569 -352 208 ) (-569 -1024 208 ) (-569 -1024 6272 ) (-569 -352 6272 ) 
4 327 340 (-569 -1024 6272 ) (-1024 -1024 6272 ) (-1024 -1024 290.320801 ) (-569 -1024 208 ) 
4 327 337 (-1024 0 6272 ) (-1024 0 290.320801 ) (-1024 -1024 290.320557 ) (-1024 -1024 6272 ) 
4 328 335 (-234.664017 -320 184 ) (-266.665985 -320 184 ) (-276.317413 -320 155.047348 ) (-246.135956 -320 149.586792 ) 
4 328 334 (-298.664001 -320 184 ) (-328.001038 -320 184 ) (-334.163177 -320 165.513046 ) (-306.428345 -320 160.495148 ) 
4 328 333 (-359.997009 -320 184 ) (-392 -320 184 ) (-394.522827 -320 176.433578 ) (-364.339661 -320 170.972702 ) 
5 328 332 (0 -320 184 ) (-10.667005 -320 184 ) (-34.879414 -320 111.365341 ) (-4.696436 -320 105.904510 ) (0 -320 119.992462 ) 
4 328 331 (-170.666000 -320 184 ) (-202.667999 -320 184 ) (-215.959030 -320 144.127045 ) (-185.776871 -320 138.666367 ) 
4 328 330 (-106.665001 -320 184 ) (-138.664001 -320 184 ) (-155.596054 -320 133.205917 ) (-125.415245 -320 127.745476 ) 
4 328 329 (-42.667000 -320 184 ) (-74.665001 -320 184 ) (-95.237549 -320 122.285599 ) (-65.057098 -320 116.825218 ) 
4 329 336 (-42.667000 -352 184 ) (-74.665001 -352 184 ) (-95.237549 -352 122.285599 ) (-65.057098 -352 116.825218 ) 
4 330 336 (-106.665001 -352 184 ) (-138.664001 -352 184 ) (-155.596054 -352 133.205917 ) (-125.415245 -352 127.745476 ) 
4 331 336 (-170.666000 -352 184 ) (-202.667999 -352 184 ) (-215.959030 -352 144.127045 ) (-185.776871 -352 138.666367 ) 
5 332 336 (0 -352 184 ) (-10.667005 -352 184 ) (-34.879414 -352 111.365341 ) (-4.696436 -352 105.904510 ) (0 -352 119.992462 ) 
4 333 336 (-359.997009 -352 184 ) (-391.997650 -352 184 ) (-394.520630 -352 176.433167 ) (-364.339661 -352 170.972702 ) 
4 334 336 (-298.664001 -352 184 ) (-328.001038 -352 184 ) (-334.163177 -352 165.513046 ) (-306.428345 -352 160.495148 ) 
4 335 336 (-234.664017 -352 184 ) (-266.665985 -352 184 ) (-276.317413 -352 155.047348 ) (-246.135956 -352 149.586792 ) 
3 336 340 (0 -1024 105.054199 ) (0 -1024 184 ) (-436.346863 -1024 184 ) 
4 337 342 (-2048 0 6272 ) (-2048 0 -88 ) (-2048 -1024 -88 ) (-2048 -1024 6272 ) 
4 337 341 (-1024 -1024 -88 ) (-1024 -1024 6272 ) (-2048 -1024 6272 ) (-2048 -1024 -88 ) 
3 337 339 (-2048 0 -88 ) (-1728.741333 0 -88 ) (-2048 -134.452026 -88 ) 
5 337 338 (-1728.741333 0 -88 ) (-1024 0 -88 ) (-1024 -1024 -88 ) (-2048 -1024 -88 ) (-2048 -134.452026 -88 ) 
4 338 343 (-2048 -134.452011 -1024 ) (-2048 -1024 -1024 ) (-2048 -1024 -88 ) (-2048 -134.452026 -88 ) 
4 338 341 (-1024 -1024 -1024 ) (-1024 -1024 -88 ) (-2048 -1024 -88 ) (-2048 -1024 -1024 ) 
4 338 339 (-1728.744629 0 -1024 ) (-2048 -134.450653 -1024 ) (-2048 -134.450684 -88 ) (-1728.744629 0 -88 ) 
4 339 344 (-2048 0 -88 ) (-2048 0 -1024 ) (-2048 -134.452011 -1024 ) (-2048 -134.452026 -88 ) 
4 340 350 (0 -2048 -1024 ) (0 -2048 6272 ) (-1024 -2048 6272 ) (-1024 -2048 -1024 ) 
4 340 341 (-1024 -1024 6272 ) (-1024 -1024 -1024 ) (-1024 -2048 -1024 ) (-1024 -2048 6272 ) 
4 341 351 (-1024 -2048 -1024 ) (-1024 -2048 6272 ) (-2048 -2048 6272 ) (-2048 -2048 -1024 ) 
4 341 348 (-2048 -2048 -1024 ) (-2048 -2048 6272 ) (-2048 -1024 6272 ) (-2048 -1024 -1024 ) 
4 342 348 (-2048 -1024 -88 ) (-2048 -1024 6272 ) (-3072 -1024 6272 ) (-3072 -1024 -88 ) 
4 342 345 (-3072 0 6272 ) (-3072 0 -88 ) (-3072 -1024 -88 ) (-3072 -1024 6272 ) 
4 342 344 (-3072 -565.697510 -88 ) (-3072 0 -88 ) (-2048 0 -88 ) (-2048 -134.452011 -88 ) 
4 342 343 (-2048 -1024 -88 ) (-3072 -1024 -88 ) (-3072 -565.697510 -88 ) (-2048 -134.452011 -88 ) 
4 343 348 (-2048 -1024 -1024 ) (-2048 -1024 -88 ) (-3072 -1024 -88 ) (-3072 -1024 -1024 ) 
4 343 346 (-3072 -565.697510 -1024 ) (-3072 -1024 -1024 ) (-3072 -1024 -88 ) (-3072 -565.697510 -88 ) 
4 343 344 (-2048 -134.451172 -1024 ) (-3072 -565.696533 -1024 ) (-3072 -565.696350 -88 ) (-2048 -134.450806 -88 ) 
4 344 347 (-3072 0 -88 ) (-3072 0 -1024 ) (-3072 -565.697510 -1024 ) (-3072 -565.697510 -88 ) 
4 345 358 (-4096 0 6272 ) (-4096 0 -88 ) (-4096 -1024 -88 ) (-4096 -1024 6272 ) 
4 345 349 (-3072 -1024 -88 ) (-3072 -1024 6272 ) (-4096 -1024 6272 ) (-4096 -1024 -88 ) 
4 345 347 (-4096 0 -88 ) (-3072 0 -88 ) (-3072 -565.697510 -88 ) (-4096 -996.943054 -88 ) 
4 345 346 (-3072 -565.697510 -88 ) (-3072 -1024 -88 ) (-4096 -1024 -88 ) (-4096 -996.943054 -88 ) 
4 346 359 (-4096 -996.943054 -1024 ) (-4096 -1024 -1024 ) (-4096 -1024 -88 ) (-4096 -996.943054 -88 ) 
4 346 349 (-3072 -1024 -1024 ) (-3072 -1024 -88 ) (-4096 -1024 -88 ) (-4096 -1024 -1024 ) 
4 346 347 (-3072 -565.699219 -1024 ) (-4096 -996.944763 -1024 ) (-4096 -996.943481 -88 ) (-3072 -565.697266 -88 ) 
4 347 360 (-4096 0 -88 ) (-4096 0 -1024 ) (-4096 -996.943054 -1024 ) (-4096 -996.943054 -88 ) 
4 348 354 (-2048 -2048 -1024 ) (-2048 -2048 6272 ) (-3072 -2048 6272 ) (-3072 -2048 -1024 ) 
4 348 349 (-3072 -1024 6272 ) (-3072 -1024 -1024 ) (-3072 -2048 -1024 ) (-3072 -2048 6272 ) 
4 349 363 (-4096 -2048 -1024 ) (-4096 -2048 -88 ) (-4096 -1024 -88 ) (-4096 -1024 -1024 ) 
4 349 362 (-4096 -2048 -88 ) (-4096 -2048 6272 ) (-4096 -1024 6272 ) (-4096 -1024 -88 ) 
4 349 355 (-3072 -2048 -1024 ) (-3072 -2048 6272 ) (-4096 -2048 6272 ) (-4096 -2048 -1024 ) 
4 350 352 (0 -3072 -1024 ) (0 -3072 6272 ) (-1024 -3072 6272 ) (-1024 -3072 -1024 ) 
4 350 351 (-1024 -2048 6272 ) (-1024 -2048 -1024 ) (-1024 -3072 -1024 ) (-1024 -3072 6272 ) 
4 351 354 (-2048 -2048 6272 ) (-2048 -2048 -1024 ) (-2048 -3072 -1024 ) (-2048 -3072 6272 ) 
4 351 353 (-1024 -3072 -1024 ) (-1024 -3072 6272 ) (-2048 -3072 6272 ) (-2048 -3072 -1024 ) 
4 352 378 (0 -4096 -1024 ) (0 -4096 6272 ) (-1024 -4096 6272 ) (-1024 -4096 -1024 ) 
4 352 353 (-1024 -3072 6272 ) (-1024 -3072 -1024 ) (-1024 -4096 -1024 ) (-1024 -4096 6272 ) 
4 353 379 (-1024 -4096 -1024 ) (-1024 -4096 6272 ) (-2048 -4096 6272 ) (-2048 -4096 -1024 ) 
4 353 356 (-2048 -4096 -1024 ) (-2048 -4096 6272 ) (-2048 -3072 6272 ) (-2048 -3072 -1024 ) 
4 354 356 (-2048 -3072 -1024 ) (-2048 -3072 6272 ) (-3072 -3072 6272 ) (-3072 -3072 -1024 ) 
4 354 355 (-3072 -2048 6272 ) (-3072 -2048 -1024 ) (-3072 -3072 -1024 ) (-3072 -3072 6272 ) 
4 355 366 (-4096 -3072 -1024 ) (-4096 -3072 6272 ) (-4096 -2048 6272 ) (-4096 -2048 -1024 ) 
4 355 357 (-3072 -3072 -1024 ) (-3072 -3072 6272 ) (-4096 -3072 6272 ) (-4096 -3072 -1024 ) 
4 356 382 (-2048 -4096 -1024 ) (-2048 -4096 6272 ) (-3072 -4096 6272 ) (-3072 -4096 -1024 ) 
4 356 357 (-3072 -3072 6272 ) (-3072 -3072 -1024 ) (-3072 -4096 -1024 ) (-3072 -4096 6272 ) 
4 357 383 (-3072 -4096 -1024 ) (-3072 -4096 6272 ) (-4096 -4096 6272 ) (-4096 -4096 -1024 ) 
4 357 368 (-4096 -4096 -1024 ) (-4096 -4096 6272 ) (-4096 -3072 6272 ) (-4096 -3072 -1024 ) 
4 358 362 (-4096 -1024 -88 ) (-4096 -1024 6272 ) (-5120 -1024 6272 ) (-5120 -1024 -88 ) 
4 358 361 (-5120 0 6272 ) (-5120 0 256 ) (-5120 -1024 256 ) (-5120 -1024 6272 ) 
5 358 360 (-4160.247070 -1024 -88 ) (-5120 -1024 -88 ) (-5120 0 -88 ) (-4096 0 -88 ) (-4096 -996.943054 -88 ) 
3 358 359 (-4096 -1024 -88 ) (-4160.247070 -1024 -88 ) (-4096 -996.943054 -88 ) 
4 359 363 (-4096 -1024 -1024 ) (-4096 -1024 -88 ) (-4160.247070 -1024 -88 ) (-4160.247070 -1024 -1024 ) 
4 359 360 (-4096 -996.941406 -1024 ) (-4160.250000 -1024 -1024 ) (-4160.250000 -1024 -88 ) (-4096 -996.941895 -88 ) 
4 360 364 (-4160.247070 -1024 -88 ) (-5120 -1024 -88 ) (-5120 -1024 -1024 ) (-4160.247070 -1024 -1024 ) 
4 361 370 (-6144 -1024 256 ) (-6144 -1024 6272 ) (-6144 0 6272 ) (-6144 0 256 ) 
4 361 365 (-6144 -1024 6272 ) (-6144 -1024 256 ) (-5120 -1024 256 ) (-5120 -1024 6272 ) 
4 362 366 (-4096 -2048 -88 ) (-4096 -2048 6272 ) (-5120 -2048 6272 ) (-5120 -2048 -88 ) 
4 362 365 (-5120 -1024 6272 ) (-5120 -1024 256 ) (-5120 -2048 256 ) (-5120 -2048 6272 ) 
3 362 364 (-5120 -1024 -88 ) (-4160.247070 -1024 -88 ) (-5120 -1428.188599 -88 ) 
5 362 363 (-4160.247070 -1024 -88 ) (-4096 -1024 -88 ) (-4096 -2048 -88 ) (-5120 -2048 -88 ) (-5120 -1428.188599 -88 ) 
4 363 366 (-4096 -2048 -1024 ) (-4096 -2048 -88 ) (-5120 -2048 -88 ) (-5120 -2048 -1024 ) 
4 363 364 (-4160.246582 -1024 -1024 ) (-5120 -1428.188965 -1024 ) (-5120 -1428.188599 -88 ) (-4160.246582 -1024 -88 ) 
4 365 371 (-6144 -2048 256 ) (-6144 -2048 6272 ) (-6144 -1024 6272 ) (-6144 -1024 256 ) 
4 365 367 (-5120 -2048 256 ) (-5120 -2048 6272 ) (-6144 -2048 6272 ) (-6144 -2048 256 ) 
4 366 368 (-4096 -3072 -1024 ) (-4096 -3072 6272 ) (-5120 -3072 6272 ) (-5120 -3072 -1024 ) 
4 366 367 (-5120 -3072 256 ) (-5120 -3072 6272 ) (-5120 -2048 6272 ) (-5120 -2048 256 ) 
4 367 374 (-6144 -3072 256 ) (-6144 -3072 6272 ) (-6144 -2048 6272 ) (-6144 -2048 256 ) 
4 367 369 (-6144 -3072 6272 ) (-6144 -3072 256 ) (-5120 -3072 256 ) (-5120 -3072 6272 ) 
4 368 394 (-4096 -4096 -1024 ) (-4096 -4096 6272 ) (-5120 -4096 6272 ) (-5120 -4096 -1024 ) 
4 368 369 (-5120 -3072 6272 ) (-5120 -3072 256 ) (-5120 -4096 256 ) (-5120 -4096 6272 ) 
4 369 395 (-5120 -4096 256 ) (-5120 -4096 6272 ) (-6144 -4096 6272 ) (-6144 -4096 256 ) 
4 369 375 (-6144 -4096 256 ) (-6144 -4096 6272 ) (-6144 -3072 6272 ) (-6144 -3072 256 ) 
4 370 372 (-7168 -1024 256 ) (-7168 -1024 6272 ) (-7168 0 6272 ) (-7168 0 256 ) 
4 370 371 (-6144 -1024 256 ) (-6144 -1024 6272 ) (-7168 -1024 6272 ) (-7168 -1024 256 ) 
4 371 374 (-6144 -2048 256 ) (-6144 -2048 6272 ) (-7168 -2048 6272 ) (-7168 -2048 256 ) 
4 371 373 (-7168 -2048 256 ) (-7168 -2048 6272 ) (-7168 -1024 6272 ) (-7168 -1024 256 ) 
4 372 373 (-7168 -1024 256 ) (-7168 -1024 6272 ) (-7680 -1024 6272 ) (-7680 -1024 256 ) 
4 373 376 (-7168 -2048 256 ) (-7168 -2048 6272 ) (-7680 -2048 6272 ) (-7680 -2048 256 ) 
4 374 376 (-7168 -2048 6272 ) (-7168 -2048 256 ) (-7168 -3072 256 ) (-7168 -3072 6272 ) 
4 374 375 (-6144 -3072 256 ) (-6144 -3072 6272 ) (-7168 -3072 6272 ) (-7168 -3072 256 ) 
4 375 398 (-6144 -4096 256 ) (-6144 -4096 6272 ) (-7168 -4096 6272 ) (-7168 -4096 256 ) 
4 375 377 (-7168 -4096 256 ) (-7168 -4096 6272 ) (-7168 -3072 6272 ) (-7168 -3072 256 ) 
4 376 377 (-7168 -3072 256 ) (-7168 -3072 6272 ) (-7680 -3072 6272 ) (-7680 -3072 256 ) 
4 377 400 (-7168 -4096 256 ) (-7168 -4096 6272 ) (-7680 -4096 6272 ) (-7680 -4096 256 ) 
4 378 380 (0 -5120 256 ) (0 -5120 6272 ) (-1024 -5120 6272 ) (-1024 -5120 256 ) 
4 378 379 (-1024 -4096 6272 ) (-1024 -4096 -1024 ) (-1024 -5120 -1024 ) (-1024 -5120 6272 ) 
4 379 382 (-2048 -4096 6272 ) (-2048 -4096 -1024 ) (-2048 -5120 -1024 ) (-2048 -5120 6272 ) 
4 379 381 (-1024 -5120 256 ) (-1024 -5120 6272 ) (-2048 -5120 6272 ) (-2048 -5120 256 ) 
4 380 386 (0 -6144 256 ) (0 -6144 6272 ) (-1024 -6144 6272 ) (-1024 -6144 256 ) 
4 380 381 (-1024 -5120 6272 ) (-1024 -5120 256 ) (-1024 -6144 256 ) (-1024 -6144 6272 ) 
4 381 387 (-1024 -6144 256 ) (-1024 -6144 6272 ) (-2048 -6144 6272 ) (-2048 -6144 256 ) 
4 381 384 (-2048 -6144 256 ) (-2048 -6144 6272 ) (-2048 -5120 6272 ) (-2048 -5120 256 ) 
4 382 384 (-2048 -5120 256 ) (-2048 -5120 6272 ) (-3072 -5120 6272 ) (-3072 -5120 256 ) 
4 382 383 (-3072 -4096 6272 ) (-3072 -4096 -1024 ) (-3072 -5120 -1024 ) (-3072 -5120 6272 ) 
4 383 394 (-4096 -4096 6272 ) (-4096 -4096 -1024 ) (-4096 -5120 -1024 ) (-4096 -5120 6272 ) 
4 383 385 (-3072 -5120 256 ) (-3072 -5120 6272 ) (-4096 -5120 6272 ) (-4096 -5120 256 ) 
4 384 390 (-2048 -6144 256 ) (-2048 -6144 6272 ) (-3072 -6144 6272 ) (-3072 -6144 256 ) 
4 384 385 (-3072 -5120 6272 ) (-3072 -5120 256 ) (-3072 -6144 256 ) (-3072 -6144 6272 ) 
4 385 396 (-4096 -6144 256 ) (-4096 -6144 6272 ) (-4096 -5120 6272 ) (-4096 -5120 256 ) 
4 385 391 (-3072 -6144 256 ) (-3072 -6144 6272 ) (-4096 -6144 6272 ) (-4096 -6144 256 ) 
4 386 388 (0 -7168 256 ) (0 -7168 6272 ) (-1024 -7168 6272 ) (-1024 -7168 256 ) 
4 386 387 (-1024 -6144 6272 ) (-1024 -6144 256 ) (-1024 -7168 256 ) (-1024 -7168 6272 ) 
4 387 390 (-2048 -6144 6272 ) (-2048 -6144 256 ) (-2048 -7168 256 ) (-2048 -7168 6272 ) 
4 387 389 (-1024 -7168 256 ) (-1024 -7168 6272 ) (-2048 -7168 6272 ) (-2048 -7168 256 ) 
4 388 389 (-1024 -7552 6272 ) (-1024 -7168 6272 ) (-1024 -7168 256 ) (-1024 -7552 256 ) 
4 389 392 (-2048 -7552 6272 ) (-2048 -7168 6272 ) (-2048 -7168 256 ) (-2048 -7552 256 ) 
4 390 392 (-2048 -7168 256 ) (-2048 -7168 6272 ) (-3072 -7168 6272 ) (-3072 -7168 256 ) 
4 390 391 (-3072 -6144 6272 ) (-3072 -6144 256 ) (-3072 -7168 256 ) (-3072 -7168 6272 ) 
4 391 402 (-4096 -7168 256 ) (-4096 -7168 6272 ) (-4096 -6144 6272 ) (-4096 -6144 256 ) 
4 391 393 (-3072 -7168 256 ) (-3072 -7168 6272 ) (-4096 -7168 6272 ) (-4096 -7168 256 ) 
4 392 393 (-3072 -7552 6272 ) (-3072 -7168 6272 ) (-3072 -7168 256 ) (-3072 -7552 256 ) 
4 393 404 (-4096 -7552 6272 ) (-4096 -7168 6272 ) (-4096 -7168 256 ) (-4096 -7552 256 ) 
4 394 396 (-4096 -5120 256 ) (-4096 -5120 6272 ) (-5120 -5120 6272 ) (-5120 -5120 256 ) 
4 394 395 (-5120 -4096 6272 ) (-5120 -4096 256 ) (-5120 -5120 256 ) (-5120 -5120 6272 ) 
4 395 398 (-6144 -4096 6272 ) (-6144 -4096 256 ) (-6144 -5120 256 ) (-6144 -5120 6272 ) 
4 395 397 (-5120 -5120 256 ) (-5120 -5120 6272 ) (-6144 -5120 6272 ) (-6144 -5120 256 ) 
4 396 402 (-4096 -6144 256 ) (-4096 -6144 6272 ) (-5120 -6144 6272 ) (-5120 -6144 256 ) 
4 396 397 (-5120 -5120 6272 ) (-5120 -5120 256 ) (-5120 -6144 256 ) (-5120 -6144 6272 ) 
4 397 403 (-5120 -6144 256 ) (-5120 -6144 6272 ) (-6144 -6144 6272 ) (-6144 -6144 256 ) 
4 397 399 (-6144 -6144 256 ) (-6144 -6144 6272 ) (-6144 -5120 6272 ) (-6144 -5120 256 ) 
4 398 400 (-7168 -5120 256 ) (-7168 -5120 6272 ) (-7168 -4096 6272 ) (-7168 -4096 256 ) 
4 398 399 (-6144 -5120 256 ) (-6144 -5120 6272 ) (-7168 -5120 6272 ) (-7168 -5120 256 ) 
4 399 406 (-6144 -6144 256 ) (-6144 -6144 6272 ) (-7168 -6144 6272 ) (-7168 -6144 256 ) 
4 399 401 (-7168 -6144 256 ) (-7168 -6144 6272 ) (-7168 -5120 6272 ) (-7168 -5120 256 ) 
4 400 401 (-7168 -5120 256 ) (-7168 -5120 6272 ) (-7680 -5120 6272 ) (-7680 -5120 256 ) 
4 401 407 (-7168 -6144 256 ) (-7168 -6144 6272 ) (-7680 -6144 6272 ) (-7680 -6144 256 ) 
4 402 404 (-4096 -7168 256 ) (-4096 -7168 6272 ) (-5120 -7168 6272 ) (-5120 -7168 256 ) 
4 402 403 (-5120 -6144 6272 ) (-5120 -6144 256 ) (-5120 -7168 256 ) (-5120 -7168 6272 ) 
4 403 406 (-6144 -6144 6272 ) (-6144 -6144 256 ) (-6144 -7168 256 ) (-6144 -7168 6272 ) 
4 403 405 (-5120 -7168 256 ) (-5120 -7168 6272 ) (-6144 -7168 6272 ) (-6144 -7168 256 ) 
4 404 405 (-5120 -7552 6272 ) (-5120 -7168 6272 ) (-5120 -7168 256 ) (-5120 -7552 256 ) 
4 405 408 (-6144 -7552 6272 ) (-6144 -7168 6272 ) (-6144 -7168 256 ) (-6144 -7552 256 ) 
4 406 408 (-6144 -7168 256 ) (-6144 -7168 6272 ) (-7168 -7168 6272 ) (-7168 -7168 256 ) 
4 406 407 (-7168 -6144 6272 ) (-7168 -6144 256 ) (-7168 -7168 256 ) (-7168 -7168 6272 ) 
4 407 409 (-7168 -7168 256 ) (-7168 -7168 6272 ) (-7680 -7168 6272 ) (-7680 -7168 256 ) 
4 408 409 (-7168 -7168 6272 ) (-7168 -7168 256 ) (-7168 -7552 256 ) (-7168 -7552 6272 ) 
